2025-05-23 19:50:27,154 - [MainProcess] - HMASD-Main - INFO - 多进程日志系统已初始化: 文件级别=info, 控制台级别=error
2025-05-23 19:50:27,154 - [MainProcess] - HMASD-Main - INFO - 日志文件: logs\hmasd_training_20250523_195025.log
2025-05-23 19:50:27,176 - [MainProcess] - HMASD-Main - INFO - 检测到GPU可用，使用CUDA
2025-05-23 19:50:27,176 - [MainProcess] - HMASD-Main - INFO - 使用 32 个并行训练环境和 4 个并行评估环境
2025-05-23 19:50:27,176 - [MainProcess] - HMASD-Main - INFO - 基础种子: 1748001027
2025-05-23 19:50:27,176 - [MainProcess] - HMASD-Main - INFO - 创建 SubprocVecEnv...
2025-05-23 19:50:38,256 - [MainProcess] - HMASD-Main - INFO - SubprocVecEnv 已创建。
2025-05-23 19:50:38,256 - [MainProcess] - HMASD-Main - INFO - 从环境更新智能体数量: n_agents=5
2025-05-23 19:50:38,256 - [MainProcess] - HMASD-Main - INFO - 使用论文中的超参数: n_Z=3, n_z=3, k=10, lambda_e=100.0
2025-05-23 19:50:38,256 - [MainProcess] - HMASD-Main - INFO - 开始训练HMASD (多进程版本，使用 32 个并行环境)...
2025-05-23 19:50:38,256 - [MainProcess] - HMASD-Main - WARNING - 无法从 observation_space 推断 obs_dim，尝试从适配器属性获取。
2025-05-23 19:50:38,269 - [MainProcess] - HMASD-Main - INFO - 更新配置: state_dim=116, obs_dim=124
2025-05-23 19:50:38,269 - [MainProcess] - HMASD - INFO - 使用设备: cuda
2025-05-23 19:50:39,289 - [MainProcess] - HMASD-Main - INFO - 重置并行环境...
2025-05-23 19:50:39,394 - [MainProcess] - HMASD-Main - INFO - 环境已重置。观测形状: (32, 5, 124), 状态形状: (32, 116)
2025-05-23 19:50:39,394 - [MainProcess] - HMASD - INFO - 初始化state_embedding: 实际状态维度 = 116
2025-05-23 19:50:39,394 - [MainProcess] - HMASD - INFO - 初始化obs_embedding: 实际观测维度 = 124
2025-05-23 19:50:46,190 - [MainProcess] - HMASD - INFO - 环境ID=0技能周期结束检查: 累积奖励=1.2291, 需达到=0.0000, 是否存储=True, 离上次贡献=0步
2025-05-23 19:50:46,190 - [MainProcess] - HMASD - INFO - 向高层缓冲区添加经验：环境ID=0, step=0, total_steps=0, 当前缓冲区大小: 1, 此环境累积奖励: 1.2291, 成功添加：True, 原因：技能周期结束
2025-05-23 19:50:46,190 - [MainProcess] - HMASD-Main - INFO - 环境 0 存储了 1 个高层经验，原因: 技能周期结束，当前高层缓冲区大小: 1, 累积总数: 1
2025-05-23 19:50:46,200 - [MainProcess] - HMASD - INFO - 环境ID=1技能周期结束检查: 累积奖励=1.3918, 需达到=0.0000, 是否存储=True, 离上次贡献=0步
2025-05-23 19:50:46,200 - [MainProcess] - HMASD - INFO - 向高层缓冲区添加经验：环境ID=1, step=0, total_steps=0, 当前缓冲区大小: 2, 此环境累积奖励: 1.3918, 成功添加：True, 原因：技能周期结束
2025-05-23 19:50:46,200 - [MainProcess] - HMASD-Main - INFO - 环境 1 存储了 1 个高层经验，原因: 技能周期结束，当前高层缓冲区大小: 2, 累积总数: 2
2025-05-23 19:50:46,200 - [MainProcess] - HMASD - INFO - 环境ID=2技能周期结束检查: 累积奖励=1.2568, 需达到=0.0000, 是否存储=True, 离上次贡献=0步
2025-05-23 19:50:46,200 - [MainProcess] - HMASD - INFO - 向高层缓冲区添加经验：环境ID=2, step=0, total_steps=0, 当前缓冲区大小: 3, 此环境累积奖励: 1.2568, 成功添加：True, 原因：技能周期结束
2025-05-23 19:50:46,200 - [MainProcess] - HMASD-Main - INFO - 环境 2 存储了 1 个高层经验，原因: 技能周期结束，当前高层缓冲区大小: 3, 累积总数: 3
2025-05-23 19:50:46,211 - [MainProcess] - HMASD - INFO - 环境ID=3技能周期结束检查: 累积奖励=1.3254, 需达到=0.0000, 是否存储=True, 离上次贡献=0步
2025-05-23 19:50:46,211 - [MainProcess] - HMASD - INFO - 向高层缓冲区添加经验：环境ID=3, step=0, total_steps=0, 当前缓冲区大小: 4, 此环境累积奖励: 1.3254, 成功添加：True, 原因：技能周期结束
2025-05-23 19:50:46,211 - [MainProcess] - HMASD-Main - INFO - 环境 3 存储了 1 个高层经验，原因: 技能周期结束，当前高层缓冲区大小: 4, 累积总数: 4
2025-05-23 19:50:46,216 - [MainProcess] - HMASD - INFO - 环境ID=4技能周期结束检查: 累积奖励=1.4255, 需达到=0.0000, 是否存储=True, 离上次贡献=0步
2025-05-23 19:50:46,216 - [MainProcess] - HMASD - INFO - 向高层缓冲区添加经验：环境ID=4, step=0, total_steps=0, 当前缓冲区大小: 5, 此环境累积奖励: 1.4255, 成功添加：True, 原因：技能周期结束
2025-05-23 19:50:46,216 - [MainProcess] - HMASD-Main - INFO - 环境 4 存储了 1 个高层经验，原因: 技能周期结束，当前高层缓冲区大小: 5, 累积总数: 5
2025-05-23 19:50:46,222 - [MainProcess] - HMASD - INFO - 环境ID=5技能周期结束检查: 累积奖励=1.2966, 需达到=0.0000, 是否存储=True, 离上次贡献=0步
2025-05-23 19:50:46,222 - [MainProcess] - HMASD - INFO - 向高层缓冲区添加经验：环境ID=5, step=0, total_steps=0, 当前缓冲区大小: 6, 此环境累积奖励: 1.2966, 成功添加：True, 原因：技能周期结束
2025-05-23 19:50:46,222 - [MainProcess] - HMASD-Main - INFO - 环境 5 存储了 1 个高层经验，原因: 技能周期结束，当前高层缓冲区大小: 6, 累积总数: 6
2025-05-23 19:50:46,227 - [MainProcess] - HMASD - INFO - 环境ID=6技能周期结束检查: 累积奖励=1.3583, 需达到=0.0000, 是否存储=True, 离上次贡献=0步
2025-05-23 19:50:46,227 - [MainProcess] - HMASD - INFO - 向高层缓冲区添加经验：环境ID=6, step=0, total_steps=0, 当前缓冲区大小: 7, 此环境累积奖励: 1.3583, 成功添加：True, 原因：技能周期结束
2025-05-23 19:50:46,227 - [MainProcess] - HMASD-Main - INFO - 环境 6 存储了 1 个高层经验，原因: 技能周期结束，当前高层缓冲区大小: 7, 累积总数: 7
2025-05-23 19:50:46,232 - [MainProcess] - HMASD - INFO - 环境ID=7技能周期结束检查: 累积奖励=1.1425, 需达到=0.0000, 是否存储=True, 离上次贡献=0步
2025-05-23 19:50:46,232 - [MainProcess] - HMASD - INFO - 向高层缓冲区添加经验：环境ID=7, step=0, total_steps=0, 当前缓冲区大小: 8, 此环境累积奖励: 1.1425, 成功添加：True, 原因：技能周期结束
2025-05-23 19:50:46,232 - [MainProcess] - HMASD-Main - INFO - 环境 7 存储了 1 个高层经验，原因: 技能周期结束，当前高层缓冲区大小: 8, 累积总数: 8
2025-05-23 19:50:46,232 - [MainProcess] - HMASD - INFO - 环境ID=8技能周期结束检查: 累积奖励=1.2548, 需达到=0.0000, 是否存储=True, 离上次贡献=0步
2025-05-23 19:50:46,232 - [MainProcess] - HMASD - INFO - 向高层缓冲区添加经验：环境ID=8, step=0, total_steps=0, 当前缓冲区大小: 9, 此环境累积奖励: 1.2548, 成功添加：True, 原因：技能周期结束
2025-05-23 19:50:46,232 - [MainProcess] - HMASD-Main - INFO - 环境 8 存储了 1 个高层经验，原因: 技能周期结束，当前高层缓冲区大小: 9, 累积总数: 9
2025-05-23 19:50:46,232 - [MainProcess] - HMASD - INFO - 环境ID=9技能周期结束检查: 累积奖励=1.2462, 需达到=0.0000, 是否存储=True, 离上次贡献=0步
2025-05-23 19:50:46,241 - [MainProcess] - HMASD - INFO - 高层经验统计 - 总样本: 10, 环境贡献: {0: 1, 1: 1, 2: 1, 3: 1, 4: 1, 5: 1, 6: 1, 7: 1, 8: 1, 9: 1}, 原因统计: {'技能周期结束': 10, '环境终止': 0}
2025-05-23 19:50:46,241 - [MainProcess] - HMASD - INFO - 向高层缓冲区添加经验：环境ID=9, step=0, total_steps=0, 当前缓冲区大小: 10, 此环境累积奖励: 1.2462, 成功添加：True, 原因：技能周期结束
2025-05-23 19:50:46,241 - [MainProcess] - HMASD-Main - INFO - 环境 9 存储了 1 个高层经验，原因: 技能周期结束，当前高层缓冲区大小: 10, 累积总数: 10
2025-05-23 19:50:46,241 - [MainProcess] - HMASD - INFO - 环境ID=10技能周期结束检查: 累积奖励=1.2073, 需达到=0.0000, 是否存储=True, 离上次贡献=0步
2025-05-23 19:50:46,241 - [MainProcess] - HMASD - INFO - 向高层缓冲区添加经验：环境ID=10, step=0, total_steps=0, 当前缓冲区大小: 11, 此环境累积奖励: 1.2073, 成功添加：True, 原因：技能周期结束
2025-05-23 19:50:46,241 - [MainProcess] - HMASD-Main - INFO - 环境 10 存储了 1 个高层经验，原因: 技能周期结束，当前高层缓冲区大小: 11, 累积总数: 11
2025-05-23 19:50:46,251 - [MainProcess] - HMASD - INFO - 环境ID=11技能周期结束检查: 累积奖励=1.2853, 需达到=0.0000, 是否存储=True, 离上次贡献=0步
2025-05-23 19:50:46,251 - [MainProcess] - HMASD - INFO - 向高层缓冲区添加经验：环境ID=11, step=0, total_steps=0, 当前缓冲区大小: 12, 此环境累积奖励: 1.2853, 成功添加：True, 原因：技能周期结束
2025-05-23 19:50:46,251 - [MainProcess] - HMASD-Main - INFO - 环境 11 存储了 1 个高层经验，原因: 技能周期结束，当前高层缓冲区大小: 12, 累积总数: 12
2025-05-23 19:50:46,251 - [MainProcess] - HMASD - INFO - 环境ID=12技能周期结束检查: 累积奖励=1.0840, 需达到=0.0000, 是否存储=True, 离上次贡献=0步
2025-05-23 19:50:46,251 - [MainProcess] - HMASD - INFO - 向高层缓冲区添加经验：环境ID=12, step=0, total_steps=0, 当前缓冲区大小: 13, 此环境累积奖励: 1.0840, 成功添加：True, 原因：技能周期结束
2025-05-23 19:50:46,251 - [MainProcess] - HMASD-Main - INFO - 环境 12 存储了 1 个高层经验，原因: 技能周期结束，当前高层缓冲区大小: 13, 累积总数: 13
2025-05-23 19:50:46,251 - [MainProcess] - HMASD - INFO - 环境ID=13技能周期结束检查: 累积奖励=1.2915, 需达到=0.0000, 是否存储=True, 离上次贡献=0步
2025-05-23 19:50:46,251 - [MainProcess] - HMASD - INFO - 向高层缓冲区添加经验：环境ID=13, step=0, total_steps=0, 当前缓冲区大小: 14, 此环境累积奖励: 1.2915, 成功添加：True, 原因：技能周期结束
2025-05-23 19:50:46,262 - [MainProcess] - HMASD-Main - INFO - 环境 13 存储了 1 个高层经验，原因: 技能周期结束，当前高层缓冲区大小: 14, 累积总数: 14
2025-05-23 19:50:46,262 - [MainProcess] - HMASD - INFO - 环境ID=14技能周期结束检查: 累积奖励=1.2385, 需达到=0.0000, 是否存储=True, 离上次贡献=0步
2025-05-23 19:50:46,262 - [MainProcess] - HMASD - INFO - 向高层缓冲区添加经验：环境ID=14, step=0, total_steps=0, 当前缓冲区大小: 15, 此环境累积奖励: 1.2385, 成功添加：True, 原因：技能周期结束
2025-05-23 19:50:46,262 - [MainProcess] - HMASD-Main - INFO - 环境 14 存储了 1 个高层经验，原因: 技能周期结束，当前高层缓冲区大小: 15, 累积总数: 15
2025-05-23 19:50:46,262 - [MainProcess] - HMASD - INFO - 环境ID=15技能周期结束检查: 累积奖励=1.1571, 需达到=0.0000, 是否存储=True, 离上次贡献=0步
2025-05-23 19:50:46,262 - [MainProcess] - HMASD - INFO - 向高层缓冲区添加经验：环境ID=15, step=0, total_steps=0, 当前缓冲区大小: 16, 此环境累积奖励: 1.1571, 成功添加：True, 原因：技能周期结束
2025-05-23 19:50:46,262 - [MainProcess] - HMASD-Main - INFO - 环境 15 存储了 1 个高层经验，原因: 技能周期结束，当前高层缓冲区大小: 16, 累积总数: 16
2025-05-23 19:50:46,272 - [MainProcess] - HMASD - INFO - 环境ID=16技能周期结束检查: 累积奖励=1.1718, 需达到=0.0000, 是否存储=True, 离上次贡献=0步
2025-05-23 19:50:46,272 - [MainProcess] - HMASD - INFO - 向高层缓冲区添加经验：环境ID=16, step=0, total_steps=0, 当前缓冲区大小: 17, 此环境累积奖励: 1.1718, 成功添加：True, 原因：技能周期结束
2025-05-23 19:50:46,272 - [MainProcess] - HMASD-Main - INFO - 环境 16 存储了 1 个高层经验，原因: 技能周期结束，当前高层缓冲区大小: 17, 累积总数: 17
2025-05-23 19:50:46,272 - [MainProcess] - HMASD - INFO - 环境ID=17技能周期结束检查: 累积奖励=1.3698, 需达到=0.0000, 是否存储=True, 离上次贡献=0步
2025-05-23 19:50:46,272 - [MainProcess] - HMASD - INFO - 向高层缓冲区添加经验：环境ID=17, step=0, total_steps=0, 当前缓冲区大小: 18, 此环境累积奖励: 1.3698, 成功添加：True, 原因：技能周期结束
2025-05-23 19:50:46,272 - [MainProcess] - HMASD-Main - INFO - 环境 17 存储了 1 个高层经验，原因: 技能周期结束，当前高层缓冲区大小: 18, 累积总数: 18
2025-05-23 19:50:46,282 - [MainProcess] - HMASD - INFO - 环境ID=18技能周期结束检查: 累积奖励=1.1512, 需达到=0.0000, 是否存储=True, 离上次贡献=0步
2025-05-23 19:50:46,282 - [MainProcess] - HMASD - INFO - 向高层缓冲区添加经验：环境ID=18, step=0, total_steps=0, 当前缓冲区大小: 19, 此环境累积奖励: 1.1512, 成功添加：True, 原因：技能周期结束
2025-05-23 19:50:46,282 - [MainProcess] - HMASD-Main - INFO - 环境 18 存储了 1 个高层经验，原因: 技能周期结束，当前高层缓冲区大小: 19, 累积总数: 19
2025-05-23 19:50:46,282 - [MainProcess] - HMASD - INFO - 环境ID=19技能周期结束检查: 累积奖励=1.3326, 需达到=0.0000, 是否存储=True, 离上次贡献=0步
2025-05-23 19:50:46,282 - [MainProcess] - HMASD - INFO - 高层经验统计 - 总样本: 20, 环境贡献: {0: 1, 1: 1, 2: 1, 3: 1, 4: 1, 5: 1, 6: 1, 7: 1, 8: 1, 9: 1, 10: 1, 11: 1, 12: 1, 13: 1, 14: 1, 15: 1, 16: 1, 17: 1, 18: 1, 19: 1}, 原因统计: {'技能周期结束': 20, '环境终止': 0}
2025-05-23 19:50:46,292 - [MainProcess] - HMASD - INFO - 向高层缓冲区添加经验：环境ID=19, step=0, total_steps=0, 当前缓冲区大小: 20, 此环境累积奖励: 1.3326, 成功添加：True, 原因：技能周期结束
2025-05-23 19:50:46,292 - [MainProcess] - HMASD-Main - INFO - 环境 19 存储了 1 个高层经验，原因: 技能周期结束，当前高层缓冲区大小: 20, 累积总数: 20
2025-05-23 19:50:46,292 - [MainProcess] - HMASD - INFO - 环境ID=20技能周期结束检查: 累积奖励=1.1321, 需达到=0.0000, 是否存储=True, 离上次贡献=0步
2025-05-23 19:50:46,292 - [MainProcess] - HMASD - INFO - 向高层缓冲区添加经验：环境ID=20, step=0, total_steps=0, 当前缓冲区大小: 21, 此环境累积奖励: 1.1321, 成功添加：True, 原因：技能周期结束
2025-05-23 19:50:46,292 - [MainProcess] - HMASD-Main - INFO - 环境 20 存储了 1 个高层经验，原因: 技能周期结束，当前高层缓冲区大小: 21, 累积总数: 21
2025-05-23 19:50:46,303 - [MainProcess] - HMASD - INFO - 环境ID=21技能周期结束检查: 累积奖励=1.4263, 需达到=0.0000, 是否存储=True, 离上次贡献=0步
2025-05-23 19:50:46,303 - [MainProcess] - HMASD - INFO - 向高层缓冲区添加经验：环境ID=21, step=0, total_steps=0, 当前缓冲区大小: 22, 此环境累积奖励: 1.4263, 成功添加：True, 原因：技能周期结束
2025-05-23 19:50:46,303 - [MainProcess] - HMASD-Main - INFO - 环境 21 存储了 1 个高层经验，原因: 技能周期结束，当前高层缓冲区大小: 22, 累积总数: 22
2025-05-23 19:50:46,303 - [MainProcess] - HMASD - INFO - 环境ID=22技能周期结束检查: 累积奖励=1.1392, 需达到=0.0000, 是否存储=True, 离上次贡献=0步
2025-05-23 19:50:46,303 - [MainProcess] - HMASD - INFO - 向高层缓冲区添加经验：环境ID=22, step=0, total_steps=0, 当前缓冲区大小: 23, 此环境累积奖励: 1.1392, 成功添加：True, 原因：技能周期结束
2025-05-23 19:50:46,303 - [MainProcess] - HMASD-Main - INFO - 环境 22 存储了 1 个高层经验，原因: 技能周期结束，当前高层缓冲区大小: 23, 累积总数: 23
2025-05-23 19:50:46,313 - [MainProcess] - HMASD - INFO - 环境ID=23技能周期结束检查: 累积奖励=1.2274, 需达到=0.0000, 是否存储=True, 离上次贡献=0步
2025-05-23 19:50:46,313 - [MainProcess] - HMASD - INFO - 向高层缓冲区添加经验：环境ID=23, step=0, total_steps=0, 当前缓冲区大小: 24, 此环境累积奖励: 1.2274, 成功添加：True, 原因：技能周期结束
2025-05-23 19:50:46,313 - [MainProcess] - HMASD-Main - INFO - 环境 23 存储了 1 个高层经验，原因: 技能周期结束，当前高层缓冲区大小: 24, 累积总数: 24
2025-05-23 19:50:46,313 - [MainProcess] - HMASD - INFO - 环境ID=24技能周期结束检查: 累积奖励=1.1822, 需达到=0.0000, 是否存储=True, 离上次贡献=0步
2025-05-23 19:50:46,313 - [MainProcess] - HMASD - INFO - 向高层缓冲区添加经验：环境ID=24, step=0, total_steps=0, 当前缓冲区大小: 25, 此环境累积奖励: 1.1822, 成功添加：True, 原因：技能周期结束
2025-05-23 19:50:46,313 - [MainProcess] - HMASD-Main - INFO - 环境 24 存储了 1 个高层经验，原因: 技能周期结束，当前高层缓冲区大小: 25, 累积总数: 25
2025-05-23 19:50:46,313 - [MainProcess] - HMASD - INFO - 环境ID=25技能周期结束检查: 累积奖励=1.3011, 需达到=0.0000, 是否存储=True, 离上次贡献=0步
2025-05-23 19:50:46,313 - [MainProcess] - HMASD - INFO - 向高层缓冲区添加经验：环境ID=25, step=0, total_steps=0, 当前缓冲区大小: 26, 此环境累积奖励: 1.3011, 成功添加：True, 原因：技能周期结束
2025-05-23 19:50:46,313 - [MainProcess] - HMASD-Main - INFO - 环境 25 存储了 1 个高层经验，原因: 技能周期结束，当前高层缓冲区大小: 26, 累积总数: 26
2025-05-23 19:50:46,324 - [MainProcess] - HMASD - INFO - 环境ID=26技能周期结束检查: 累积奖励=1.2146, 需达到=0.0000, 是否存储=True, 离上次贡献=0步
2025-05-23 19:50:46,324 - [MainProcess] - HMASD - INFO - 向高层缓冲区添加经验：环境ID=26, step=0, total_steps=0, 当前缓冲区大小: 27, 此环境累积奖励: 1.2146, 成功添加：True, 原因：技能周期结束
2025-05-23 19:50:46,324 - [MainProcess] - HMASD-Main - INFO - 环境 26 存储了 1 个高层经验，原因: 技能周期结束，当前高层缓冲区大小: 27, 累积总数: 27
2025-05-23 19:50:46,324 - [MainProcess] - HMASD - INFO - 环境ID=27技能周期结束检查: 累积奖励=1.2447, 需达到=0.0000, 是否存储=True, 离上次贡献=0步
2025-05-23 19:50:46,324 - [MainProcess] - HMASD - INFO - 向高层缓冲区添加经验：环境ID=27, step=0, total_steps=0, 当前缓冲区大小: 28, 此环境累积奖励: 1.2447, 成功添加：True, 原因：技能周期结束
2025-05-23 19:50:46,324 - [MainProcess] - HMASD-Main - INFO - 环境 27 存储了 1 个高层经验，原因: 技能周期结束，当前高层缓冲区大小: 28, 累积总数: 28
2025-05-23 19:50:46,334 - [MainProcess] - HMASD - INFO - 环境ID=28技能周期结束检查: 累积奖励=1.3026, 需达到=0.0000, 是否存储=True, 离上次贡献=0步
2025-05-23 19:50:46,334 - [MainProcess] - HMASD - INFO - 向高层缓冲区添加经验：环境ID=28, step=0, total_steps=0, 当前缓冲区大小: 29, 此环境累积奖励: 1.3026, 成功添加：True, 原因：技能周期结束
2025-05-23 19:50:46,334 - [MainProcess] - HMASD-Main - INFO - 环境 28 存储了 1 个高层经验，原因: 技能周期结束，当前高层缓冲区大小: 29, 累积总数: 29
2025-05-23 19:50:46,334 - [MainProcess] - HMASD - INFO - 环境ID=29技能周期结束检查: 累积奖励=1.3099, 需达到=0.0000, 是否存储=True, 离上次贡献=0步
2025-05-23 19:50:46,334 - [MainProcess] - HMASD - INFO - 高层经验统计 - 总样本: 30, 环境贡献: {0: 1, 1: 1, 2: 1, 3: 1, 4: 1, 5: 1, 6: 1, 7: 1, 8: 1, 9: 1, 10: 1, 11: 1, 12: 1, 13: 1, 14: 1, 15: 1, 16: 1, 17: 1, 18: 1, 19: 1, 20: 1, 21: 1, 22: 1, 23: 1, 24: 1, 25: 1, 26: 1, 27: 1, 28: 1, 29: 1}, 原因统计: {'技能周期结束': 30, '环境终止': 0}
2025-05-23 19:50:46,334 - [MainProcess] - HMASD - INFO - 向高层缓冲区添加经验：环境ID=29, step=0, total_steps=0, 当前缓冲区大小: 30, 此环境累积奖励: 1.3099, 成功添加：True, 原因：技能周期结束
2025-05-23 19:50:46,334 - [MainProcess] - HMASD-Main - INFO - 环境 29 存储了 1 个高层经验，原因: 技能周期结束，当前高层缓冲区大小: 30, 累积总数: 30
2025-05-23 19:50:46,344 - [MainProcess] - HMASD - INFO - 环境ID=30技能周期结束检查: 累积奖励=1.2567, 需达到=0.0000, 是否存储=True, 离上次贡献=0步
2025-05-23 19:50:46,344 - [MainProcess] - HMASD - INFO - 向高层缓冲区添加经验：环境ID=30, step=0, total_steps=0, 当前缓冲区大小: 31, 此环境累积奖励: 1.2567, 成功添加：True, 原因：技能周期结束
2025-05-23 19:50:46,344 - [MainProcess] - HMASD-Main - INFO - 环境 30 存储了 1 个高层经验，原因: 技能周期结束，当前高层缓冲区大小: 31, 累积总数: 31
2025-05-23 19:50:46,344 - [MainProcess] - HMASD - INFO - 环境ID=31技能周期结束检查: 累积奖励=1.3737, 需达到=0.0000, 是否存储=True, 离上次贡献=0步
2025-05-23 19:50:46,344 - [MainProcess] - HMASD - INFO - 向高层缓冲区添加经验：环境ID=31, step=0, total_steps=0, 当前缓冲区大小: 32, 此环境累积奖励: 1.3737, 成功添加：True, 原因：技能周期结束
2025-05-23 19:50:46,344 - [MainProcess] - HMASD-Main - INFO - 环境 31 存储了 1 个高层经验，原因: 技能周期结束，当前高层缓冲区大小: 32, 累积总数: 32
2025-05-23 19:50:52,448 - [MainProcess] - HMASD - INFO - 环境ID=0技能周期结束检查: 累积奖励=0.9531, 需达到=0.0000, 是否存储=True, 离上次贡献=0步
2025-05-23 19:50:52,448 - [MainProcess] - HMASD - INFO - 向高层缓冲区添加经验：环境ID=0, step=0, total_steps=0, 当前缓冲区大小: 33, 此环境累积奖励: 0.9531, 成功添加：True, 原因：技能周期结束
2025-05-23 19:50:52,448 - [MainProcess] - HMASD-Main - INFO - 环境 0 存储了 1 个高层经验，原因: 技能周期结束，当前高层缓冲区大小: 33, 累积总数: 33
2025-05-23 19:50:52,458 - [MainProcess] - HMASD - INFO - 环境ID=1技能周期结束检查: 累积奖励=1.1854, 需达到=0.0000, 是否存储=True, 离上次贡献=0步
2025-05-23 19:50:52,458 - [MainProcess] - HMASD - INFO - 向高层缓冲区添加经验：环境ID=1, step=0, total_steps=0, 当前缓冲区大小: 34, 此环境累积奖励: 1.1854, 成功添加：True, 原因：技能周期结束
2025-05-23 19:50:52,458 - [MainProcess] - HMASD-Main - INFO - 环境 1 存储了 1 个高层经验，原因: 技能周期结束，当前高层缓冲区大小: 34, 累积总数: 34
2025-05-23 19:50:52,458 - [MainProcess] - HMASD - INFO - 环境ID=2技能周期结束检查: 累积奖励=0.9569, 需达到=0.0000, 是否存储=True, 离上次贡献=0步
2025-05-23 19:50:52,458 - [MainProcess] - HMASD - INFO - 向高层缓冲区添加经验：环境ID=2, step=0, total_steps=0, 当前缓冲区大小: 35, 此环境累积奖励: 0.9569, 成功添加：True, 原因：技能周期结束
2025-05-23 19:50:52,458 - [MainProcess] - HMASD-Main - INFO - 环境 2 存储了 1 个高层经验，原因: 技能周期结束，当前高层缓冲区大小: 35, 累积总数: 35
2025-05-23 19:50:52,458 - [MainProcess] - HMASD - INFO - 环境ID=3技能周期结束检查: 累积奖励=1.0694, 需达到=0.0000, 是否存储=True, 离上次贡献=0步
2025-05-23 19:50:52,458 - [MainProcess] - HMASD - INFO - 向高层缓冲区添加经验：环境ID=3, step=0, total_steps=0, 当前缓冲区大小: 36, 此环境累积奖励: 1.0694, 成功添加：True, 原因：技能周期结束
2025-05-23 19:50:52,458 - [MainProcess] - HMASD-Main - INFO - 环境 3 存储了 1 个高层经验，原因: 技能周期结束，当前高层缓冲区大小: 36, 累积总数: 36
2025-05-23 19:50:52,468 - [MainProcess] - HMASD - INFO - 环境ID=4技能周期结束检查: 累积奖励=1.2002, 需达到=0.0000, 是否存储=True, 离上次贡献=0步
2025-05-23 19:50:52,468 - [MainProcess] - HMASD - INFO - 向高层缓冲区添加经验：环境ID=4, step=0, total_steps=0, 当前缓冲区大小: 37, 此环境累积奖励: 1.2002, 成功添加：True, 原因：技能周期结束
2025-05-23 19:50:52,468 - [MainProcess] - HMASD-Main - INFO - 环境 4 存储了 1 个高层经验，原因: 技能周期结束，当前高层缓冲区大小: 37, 累积总数: 37
2025-05-23 19:50:52,468 - [MainProcess] - HMASD - INFO - 环境ID=5技能周期结束检查: 累积奖励=1.0548, 需达到=0.0000, 是否存储=True, 离上次贡献=0步
2025-05-23 19:50:52,468 - [MainProcess] - HMASD - INFO - 向高层缓冲区添加经验：环境ID=5, step=0, total_steps=0, 当前缓冲区大小: 38, 此环境累积奖励: 1.0548, 成功添加：True, 原因：技能周期结束
2025-05-23 19:50:52,468 - [MainProcess] - HMASD-Main - INFO - 环境 5 存储了 1 个高层经验，原因: 技能周期结束，当前高层缓冲区大小: 38, 累积总数: 38
2025-05-23 19:50:52,479 - [MainProcess] - HMASD - INFO - 环境ID=6技能周期结束检查: 累积奖励=1.1153, 需达到=0.0000, 是否存储=True, 离上次贡献=0步
2025-05-23 19:50:52,479 - [MainProcess] - HMASD - INFO - 向高层缓冲区添加经验：环境ID=6, step=0, total_steps=0, 当前缓冲区大小: 39, 此环境累积奖励: 1.1153, 成功添加：True, 原因：技能周期结束
2025-05-23 19:50:52,479 - [MainProcess] - HMASD-Main - INFO - 环境 6 存储了 1 个高层经验，原因: 技能周期结束，当前高层缓冲区大小: 39, 累积总数: 39
2025-05-23 19:50:52,479 - [MainProcess] - HMASD - INFO - 环境ID=7技能周期结束检查: 累积奖励=0.9088, 需达到=0.0000, 是否存储=True, 离上次贡献=0步
2025-05-23 19:50:52,479 - [MainProcess] - HMASD - INFO - 高层经验统计 - 总样本: 40, 环境贡献: {0: 2, 1: 2, 2: 2, 3: 2, 4: 2, 5: 2, 6: 2, 7: 2, 8: 1, 9: 1, 10: 1, 11: 1, 12: 1, 13: 1, 14: 1, 15: 1, 16: 1, 17: 1, 18: 1, 19: 1, 20: 1, 21: 1, 22: 1, 23: 1, 24: 1, 25: 1, 26: 1, 27: 1, 28: 1, 29: 1, 30: 1, 31: 1}, 原因统计: {'技能周期结束': 40, '环境终止': 0}
2025-05-23 19:50:52,479 - [MainProcess] - HMASD - INFO - 向高层缓冲区添加经验：环境ID=7, step=0, total_steps=0, 当前缓冲区大小: 40, 此环境累积奖励: 0.9088, 成功添加：True, 原因：技能周期结束
2025-05-23 19:50:52,479 - [MainProcess] - HMASD-Main - INFO - 环境 7 存储了 1 个高层经验，原因: 技能周期结束，当前高层缓冲区大小: 40, 累积总数: 40
2025-05-23 19:50:52,489 - [MainProcess] - HMASD - INFO - 环境ID=8技能周期结束检查: 累积奖励=1.1304, 需达到=0.0000, 是否存储=True, 离上次贡献=0步
2025-05-23 19:50:52,489 - [MainProcess] - HMASD - INFO - 向高层缓冲区添加经验：环境ID=8, step=0, total_steps=0, 当前缓冲区大小: 41, 此环境累积奖励: 1.1304, 成功添加：True, 原因：技能周期结束
2025-05-23 19:50:52,489 - [MainProcess] - HMASD-Main - INFO - 环境 8 存储了 1 个高层经验，原因: 技能周期结束，当前高层缓冲区大小: 41, 累积总数: 41
2025-05-23 19:50:52,489 - [MainProcess] - HMASD - INFO - 环境ID=9技能周期结束检查: 累积奖励=1.1435, 需达到=0.0000, 是否存储=True, 离上次贡献=0步
2025-05-23 19:50:52,489 - [MainProcess] - HMASD - INFO - 向高层缓冲区添加经验：环境ID=9, step=0, total_steps=0, 当前缓冲区大小: 42, 此环境累积奖励: 1.1435, 成功添加：True, 原因：技能周期结束
2025-05-23 19:50:52,489 - [MainProcess] - HMASD-Main - INFO - 环境 9 存储了 1 个高层经验，原因: 技能周期结束，当前高层缓冲区大小: 42, 累积总数: 42
2025-05-23 19:50:52,499 - [MainProcess] - HMASD - INFO - 环境ID=10技能周期结束检查: 累积奖励=1.0576, 需达到=0.0000, 是否存储=True, 离上次贡献=0步
2025-05-23 19:50:52,499 - [MainProcess] - HMASD - INFO - 向高层缓冲区添加经验：环境ID=10, step=0, total_steps=0, 当前缓冲区大小: 43, 此环境累积奖励: 1.0576, 成功添加：True, 原因：技能周期结束
2025-05-23 19:50:52,499 - [MainProcess] - HMASD-Main - INFO - 环境 10 存储了 1 个高层经验，原因: 技能周期结束，当前高层缓冲区大小: 43, 累积总数: 43
2025-05-23 19:50:52,499 - [MainProcess] - HMASD - INFO - 环境ID=11技能周期结束检查: 累积奖励=1.0307, 需达到=0.0000, 是否存储=True, 离上次贡献=0步
2025-05-23 19:50:52,499 - [MainProcess] - HMASD - INFO - 向高层缓冲区添加经验：环境ID=11, step=0, total_steps=0, 当前缓冲区大小: 44, 此环境累积奖励: 1.0307, 成功添加：True, 原因：技能周期结束
2025-05-23 19:50:52,499 - [MainProcess] - HMASD-Main - INFO - 环境 11 存储了 1 个高层经验，原因: 技能周期结束，当前高层缓冲区大小: 44, 累积总数: 44
2025-05-23 19:50:52,509 - [MainProcess] - HMASD - INFO - 环境ID=12技能周期结束检查: 累积奖励=0.9881, 需达到=0.0000, 是否存储=True, 离上次贡献=0步
2025-05-23 19:50:52,509 - [MainProcess] - HMASD - INFO - 向高层缓冲区添加经验：环境ID=12, step=0, total_steps=0, 当前缓冲区大小: 45, 此环境累积奖励: 0.9881, 成功添加：True, 原因：技能周期结束
2025-05-23 19:50:52,509 - [MainProcess] - HMASD-Main - INFO - 环境 12 存储了 1 个高层经验，原因: 技能周期结束，当前高层缓冲区大小: 45, 累积总数: 45
2025-05-23 19:50:52,509 - [MainProcess] - HMASD - INFO - 环境ID=13技能周期结束检查: 累积奖励=1.1039, 需达到=0.0000, 是否存储=True, 离上次贡献=0步
2025-05-23 19:50:52,509 - [MainProcess] - HMASD - INFO - 向高层缓冲区添加经验：环境ID=13, step=0, total_steps=0, 当前缓冲区大小: 46, 此环境累积奖励: 1.1039, 成功添加：True, 原因：技能周期结束
2025-05-23 19:50:52,509 - [MainProcess] - HMASD-Main - INFO - 环境 13 存储了 1 个高层经验，原因: 技能周期结束，当前高层缓冲区大小: 46, 累积总数: 46
2025-05-23 19:50:52,520 - [MainProcess] - HMASD - INFO - 环境ID=14技能周期结束检查: 累积奖励=1.1420, 需达到=0.0000, 是否存储=True, 离上次贡献=0步
2025-05-23 19:50:52,520 - [MainProcess] - HMASD - INFO - 向高层缓冲区添加经验：环境ID=14, step=0, total_steps=0, 当前缓冲区大小: 47, 此环境累积奖励: 1.1420, 成功添加：True, 原因：技能周期结束
2025-05-23 19:50:52,520 - [MainProcess] - HMASD-Main - INFO - 环境 14 存储了 1 个高层经验，原因: 技能周期结束，当前高层缓冲区大小: 47, 累积总数: 47
2025-05-23 19:50:52,520 - [MainProcess] - HMASD - INFO - 环境ID=15技能周期结束检查: 累积奖励=1.1658, 需达到=0.0000, 是否存储=True, 离上次贡献=0步
2025-05-23 19:50:52,520 - [MainProcess] - HMASD - INFO - 向高层缓冲区添加经验：环境ID=15, step=0, total_steps=0, 当前缓冲区大小: 48, 此环境累积奖励: 1.1658, 成功添加：True, 原因：技能周期结束
2025-05-23 19:50:52,520 - [MainProcess] - HMASD-Main - INFO - 环境 15 存储了 1 个高层经验，原因: 技能周期结束，当前高层缓冲区大小: 48, 累积总数: 48
2025-05-23 19:50:52,520 - [MainProcess] - HMASD - INFO - 环境ID=16技能周期结束检查: 累积奖励=1.0726, 需达到=0.0000, 是否存储=True, 离上次贡献=0步
2025-05-23 19:50:52,520 - [MainProcess] - HMASD - INFO - 向高层缓冲区添加经验：环境ID=16, step=0, total_steps=0, 当前缓冲区大小: 49, 此环境累积奖励: 1.0726, 成功添加：True, 原因：技能周期结束
2025-05-23 19:50:52,520 - [MainProcess] - HMASD-Main - INFO - 环境 16 存储了 1 个高层经验，原因: 技能周期结束，当前高层缓冲区大小: 49, 累积总数: 49
2025-05-23 19:50:52,533 - [MainProcess] - HMASD - INFO - 环境ID=17技能周期结束检查: 累积奖励=1.1893, 需达到=0.0000, 是否存储=True, 离上次贡献=0步
2025-05-23 19:50:52,533 - [MainProcess] - HMASD - INFO - 高层经验统计 - 总样本: 50, 环境贡献: {0: 2, 1: 2, 2: 2, 3: 2, 4: 2, 5: 2, 6: 2, 7: 2, 8: 2, 9: 2, 10: 2, 11: 2, 12: 2, 13: 2, 14: 2, 15: 2, 16: 2, 17: 2, 18: 1, 19: 1, 20: 1, 21: 1, 22: 1, 23: 1, 24: 1, 25: 1, 26: 1, 27: 1, 28: 1, 29: 1, 30: 1, 31: 1}, 原因统计: {'技能周期结束': 50, '环境终止': 0}
2025-05-23 19:50:52,533 - [MainProcess] - HMASD - INFO - 向高层缓冲区添加经验：环境ID=17, step=0, total_steps=0, 当前缓冲区大小: 50, 此环境累积奖励: 1.1893, 成功添加：True, 原因：技能周期结束
2025-05-23 19:50:52,533 - [MainProcess] - HMASD-Main - INFO - 环境 17 存储了 1 个高层经验，原因: 技能周期结束，当前高层缓冲区大小: 50, 累积总数: 50
2025-05-23 19:50:52,540 - [MainProcess] - HMASD - INFO - 环境ID=18技能周期结束检查: 累积奖励=1.0003, 需达到=0.0000, 是否存储=True, 离上次贡献=0步
2025-05-23 19:50:52,540 - [MainProcess] - HMASD - INFO - 向高层缓冲区添加经验：环境ID=18, step=0, total_steps=0, 当前缓冲区大小: 51, 此环境累积奖励: 1.0003, 成功添加：True, 原因：技能周期结束
2025-05-23 19:50:52,540 - [MainProcess] - HMASD-Main - INFO - 环境 18 存储了 1 个高层经验，原因: 技能周期结束，当前高层缓冲区大小: 51, 累积总数: 51
2025-05-23 19:50:52,540 - [MainProcess] - HMASD - INFO - 环境ID=19技能周期结束检查: 累积奖励=1.2337, 需达到=0.0000, 是否存储=True, 离上次贡献=0步
2025-05-23 19:50:52,540 - [MainProcess] - HMASD - INFO - 向高层缓冲区添加经验：环境ID=19, step=0, total_steps=0, 当前缓冲区大小: 52, 此环境累积奖励: 1.2337, 成功添加：True, 原因：技能周期结束
2025-05-23 19:50:52,540 - [MainProcess] - HMASD-Main - INFO - 环境 19 存储了 1 个高层经验，原因: 技能周期结束，当前高层缓冲区大小: 52, 累积总数: 52
2025-05-23 19:50:52,550 - [MainProcess] - HMASD - INFO - 环境ID=20技能周期结束检查: 累积奖励=0.9911, 需达到=0.0000, 是否存储=True, 离上次贡献=0步
2025-05-23 19:50:52,550 - [MainProcess] - HMASD - INFO - 向高层缓冲区添加经验：环境ID=20, step=0, total_steps=0, 当前缓冲区大小: 53, 此环境累积奖励: 0.9911, 成功添加：True, 原因：技能周期结束
2025-05-23 19:50:52,550 - [MainProcess] - HMASD-Main - INFO - 环境 20 存储了 1 个高层经验，原因: 技能周期结束，当前高层缓冲区大小: 53, 累积总数: 53
2025-05-23 19:50:52,550 - [MainProcess] - HMASD - INFO - 环境ID=21技能周期结束检查: 累积奖励=1.1914, 需达到=0.0000, 是否存储=True, 离上次贡献=0步
2025-05-23 19:50:52,550 - [MainProcess] - HMASD - INFO - 向高层缓冲区添加经验：环境ID=21, step=0, total_steps=0, 当前缓冲区大小: 54, 此环境累积奖励: 1.1914, 成功添加：True, 原因：技能周期结束
2025-05-23 19:50:52,550 - [MainProcess] - HMASD-Main - INFO - 环境 21 存储了 1 个高层经验，原因: 技能周期结束，当前高层缓冲区大小: 54, 累积总数: 54
2025-05-23 19:50:52,550 - [MainProcess] - HMASD - INFO - 环境ID=22技能周期结束检查: 累积奖励=0.9407, 需达到=0.0000, 是否存储=True, 离上次贡献=0步
2025-05-23 19:50:52,550 - [MainProcess] - HMASD - INFO - 向高层缓冲区添加经验：环境ID=22, step=0, total_steps=0, 当前缓冲区大小: 55, 此环境累积奖励: 0.9407, 成功添加：True, 原因：技能周期结束
2025-05-23 19:50:52,550 - [MainProcess] - HMASD-Main - INFO - 环境 22 存储了 1 个高层经验，原因: 技能周期结束，当前高层缓冲区大小: 55, 累积总数: 55
2025-05-23 19:50:52,561 - [MainProcess] - HMASD - INFO - 环境ID=23技能周期结束检查: 累积奖励=1.0669, 需达到=0.0000, 是否存储=True, 离上次贡献=0步
2025-05-23 19:50:52,561 - [MainProcess] - HMASD - INFO - 向高层缓冲区添加经验：环境ID=23, step=0, total_steps=0, 当前缓冲区大小: 56, 此环境累积奖励: 1.0669, 成功添加：True, 原因：技能周期结束
2025-05-23 19:50:52,561 - [MainProcess] - HMASD-Main - INFO - 环境 23 存储了 1 个高层经验，原因: 技能周期结束，当前高层缓冲区大小: 56, 累积总数: 56
2025-05-23 19:50:52,561 - [MainProcess] - HMASD - INFO - 环境ID=24技能周期结束检查: 累积奖励=1.0627, 需达到=0.0000, 是否存储=True, 离上次贡献=0步
2025-05-23 19:50:52,561 - [MainProcess] - HMASD - INFO - 向高层缓冲区添加经验：环境ID=24, step=0, total_steps=0, 当前缓冲区大小: 57, 此环境累积奖励: 1.0627, 成功添加：True, 原因：技能周期结束
2025-05-23 19:50:52,561 - [MainProcess] - HMASD-Main - INFO - 环境 24 存储了 1 个高层经验，原因: 技能周期结束，当前高层缓冲区大小: 57, 累积总数: 57
2025-05-23 19:50:52,571 - [MainProcess] - HMASD - INFO - 环境ID=25技能周期结束检查: 累积奖励=1.0510, 需达到=0.0000, 是否存储=True, 离上次贡献=0步
2025-05-23 19:50:52,571 - [MainProcess] - HMASD - INFO - 向高层缓冲区添加经验：环境ID=25, step=0, total_steps=0, 当前缓冲区大小: 58, 此环境累积奖励: 1.0510, 成功添加：True, 原因：技能周期结束
2025-05-23 19:50:52,571 - [MainProcess] - HMASD-Main - INFO - 环境 25 存储了 1 个高层经验，原因: 技能周期结束，当前高层缓冲区大小: 58, 累积总数: 58
2025-05-23 19:50:52,571 - [MainProcess] - HMASD - INFO - 环境ID=26技能周期结束检查: 累积奖励=1.1761, 需达到=0.0000, 是否存储=True, 离上次贡献=0步
2025-05-23 19:50:52,571 - [MainProcess] - HMASD - INFO - 向高层缓冲区添加经验：环境ID=26, step=0, total_steps=0, 当前缓冲区大小: 59, 此环境累积奖励: 1.1761, 成功添加：True, 原因：技能周期结束
2025-05-23 19:50:52,571 - [MainProcess] - HMASD-Main - INFO - 环境 26 存储了 1 个高层经验，原因: 技能周期结束，当前高层缓冲区大小: 59, 累积总数: 59
2025-05-23 19:50:52,581 - [MainProcess] - HMASD - INFO - 环境ID=27技能周期结束检查: 累积奖励=1.0308, 需达到=0.0000, 是否存储=True, 离上次贡献=0步
2025-05-23 19:50:52,581 - [MainProcess] - HMASD - INFO - 高层经验统计 - 总样本: 60, 环境贡献: {0: 2, 1: 2, 2: 2, 3: 2, 4: 2, 5: 2, 6: 2, 7: 2, 8: 2, 9: 2, 10: 2, 11: 2, 12: 2, 13: 2, 14: 2, 15: 2, 16: 2, 17: 2, 18: 2, 19: 2, 20: 2, 21: 2, 22: 2, 23: 2, 24: 2, 25: 2, 26: 2, 27: 2, 28: 1, 29: 1, 30: 1, 31: 1}, 原因统计: {'技能周期结束': 60, '环境终止': 0}
2025-05-23 19:50:52,581 - [MainProcess] - HMASD - INFO - 向高层缓冲区添加经验：环境ID=27, step=0, total_steps=0, 当前缓冲区大小: 60, 此环境累积奖励: 1.0308, 成功添加：True, 原因：技能周期结束
2025-05-23 19:50:52,591 - [MainProcess] - HMASD-Main - INFO - 环境 27 存储了 1 个高层经验，原因: 技能周期结束，当前高层缓冲区大小: 60, 累积总数: 60
2025-05-23 19:50:52,591 - [MainProcess] - HMASD - INFO - 环境ID=28技能周期结束检查: 累积奖励=1.3578, 需达到=0.0000, 是否存储=True, 离上次贡献=0步
2025-05-23 19:50:52,591 - [MainProcess] - HMASD - INFO - 向高层缓冲区添加经验：环境ID=28, step=0, total_steps=0, 当前缓冲区大小: 61, 此环境累积奖励: 1.3578, 成功添加：True, 原因：技能周期结束
2025-05-23 19:50:52,591 - [MainProcess] - HMASD-Main - INFO - 环境 28 存储了 1 个高层经验，原因: 技能周期结束，当前高层缓冲区大小: 61, 累积总数: 61
2025-05-23 19:50:52,591 - [MainProcess] - HMASD - INFO - 环境ID=29技能周期结束检查: 累积奖励=1.1158, 需达到=0.0000, 是否存储=True, 离上次贡献=0步
2025-05-23 19:50:52,602 - [MainProcess] - HMASD - INFO - 向高层缓冲区添加经验：环境ID=29, step=0, total_steps=0, 当前缓冲区大小: 62, 此环境累积奖励: 1.1158, 成功添加：True, 原因：技能周期结束
2025-05-23 19:50:52,602 - [MainProcess] - HMASD-Main - INFO - 环境 29 存储了 1 个高层经验，原因: 技能周期结束，当前高层缓冲区大小: 62, 累积总数: 62
2025-05-23 19:50:52,602 - [MainProcess] - HMASD - INFO - 环境ID=30技能周期结束检查: 累积奖励=1.1182, 需达到=0.0000, 是否存储=True, 离上次贡献=0步
2025-05-23 19:50:52,602 - [MainProcess] - HMASD - INFO - 向高层缓冲区添加经验：环境ID=30, step=0, total_steps=0, 当前缓冲区大小: 63, 此环境累积奖励: 1.1182, 成功添加：True, 原因：技能周期结束
2025-05-23 19:50:52,602 - [MainProcess] - HMASD-Main - INFO - 环境 30 存储了 1 个高层经验，原因: 技能周期结束，当前高层缓冲区大小: 63, 累积总数: 63
2025-05-23 19:50:52,602 - [MainProcess] - HMASD - INFO - 环境ID=31技能周期结束检查: 累积奖励=1.0610, 需达到=0.0000, 是否存储=True, 离上次贡献=0步
2025-05-23 19:50:52,602 - [MainProcess] - HMASD - INFO - 向高层缓冲区添加经验：环境ID=31, step=0, total_steps=0, 当前缓冲区大小: 64, 此环境累积奖励: 1.0610, 成功添加：True, 原因：技能周期结束
2025-05-23 19:50:52,602 - [MainProcess] - HMASD-Main - INFO - 环境 31 存储了 1 个高层经验，原因: 技能周期结束，当前高层缓冲区大小: 64, 累积总数: 64
2025-05-23 19:50:59,135 - [MainProcess] - HMASD - INFO - 环境ID=0技能周期结束检查: 累积奖励=0.9829, 需达到=0.0000, 是否存储=True, 离上次贡献=0步
2025-05-23 19:50:59,135 - [MainProcess] - HMASD - INFO - 向高层缓冲区添加经验：环境ID=0, step=0, total_steps=0, 当前缓冲区大小: 65, 此环境累积奖励: 0.9829, 成功添加：True, 原因：技能周期结束
2025-05-23 19:50:59,135 - [MainProcess] - HMASD-Main - INFO - 环境 0 存储了 1 个高层经验，原因: 技能周期结束，当前高层缓冲区大小: 65, 累积总数: 65
2025-05-23 19:50:59,146 - [MainProcess] - HMASD - INFO - 环境ID=1技能周期结束检查: 累积奖励=1.0143, 需达到=0.0000, 是否存储=True, 离上次贡献=0步
2025-05-23 19:50:59,146 - [MainProcess] - HMASD - INFO - 向高层缓冲区添加经验：环境ID=1, step=0, total_steps=0, 当前缓冲区大小: 66, 此环境累积奖励: 1.0143, 成功添加：True, 原因：技能周期结束
2025-05-23 19:50:59,146 - [MainProcess] - HMASD-Main - INFO - 环境 1 存储了 1 个高层经验，原因: 技能周期结束，当前高层缓冲区大小: 66, 累积总数: 66
2025-05-23 19:50:59,146 - [MainProcess] - HMASD - INFO - 环境ID=2技能周期结束检查: 累积奖励=0.9418, 需达到=0.0000, 是否存储=True, 离上次贡献=0步
2025-05-23 19:50:59,146 - [MainProcess] - HMASD - INFO - 向高层缓冲区添加经验：环境ID=2, step=0, total_steps=0, 当前缓冲区大小: 67, 此环境累积奖励: 0.9418, 成功添加：True, 原因：技能周期结束
2025-05-23 19:50:59,146 - [MainProcess] - HMASD-Main - INFO - 环境 2 存储了 1 个高层经验，原因: 技能周期结束，当前高层缓冲区大小: 67, 累积总数: 67
2025-05-23 19:50:59,156 - [MainProcess] - HMASD - INFO - 环境ID=3技能周期结束检查: 累积奖励=0.7756, 需达到=0.0000, 是否存储=True, 离上次贡献=0步
2025-05-23 19:50:59,156 - [MainProcess] - HMASD - INFO - 向高层缓冲区添加经验：环境ID=3, step=0, total_steps=0, 当前缓冲区大小: 68, 此环境累积奖励: 0.7756, 成功添加：True, 原因：技能周期结束
2025-05-23 19:50:59,156 - [MainProcess] - HMASD-Main - INFO - 环境 3 存储了 1 个高层经验，原因: 技能周期结束，当前高层缓冲区大小: 68, 累积总数: 68
2025-05-23 19:50:59,165 - [MainProcess] - HMASD - INFO - 环境ID=4技能周期结束检查: 累积奖励=1.2389, 需达到=0.0000, 是否存储=True, 离上次贡献=0步
2025-05-23 19:50:59,165 - [MainProcess] - HMASD - INFO - 向高层缓冲区添加经验：环境ID=4, step=0, total_steps=0, 当前缓冲区大小: 69, 此环境累积奖励: 1.2389, 成功添加：True, 原因：技能周期结束
2025-05-23 19:50:59,165 - [MainProcess] - HMASD-Main - INFO - 环境 4 存储了 1 个高层经验，原因: 技能周期结束，当前高层缓冲区大小: 69, 累积总数: 69
2025-05-23 19:50:59,170 - [MainProcess] - HMASD - INFO - 环境ID=5技能周期结束检查: 累积奖励=0.9943, 需达到=0.0000, 是否存储=True, 离上次贡献=0步
2025-05-23 19:50:59,170 - [MainProcess] - HMASD - INFO - 高层经验统计 - 总样本: 70, 环境贡献: {0: 3, 1: 3, 2: 3, 3: 3, 4: 3, 5: 3, 6: 2, 7: 2, 8: 2, 9: 2, 10: 2, 11: 2, 12: 2, 13: 2, 14: 2, 15: 2, 16: 2, 17: 2, 18: 2, 19: 2, 20: 2, 21: 2, 22: 2, 23: 2, 24: 2, 25: 2, 26: 2, 27: 2, 28: 2, 29: 2, 30: 2, 31: 2}, 原因统计: {'技能周期结束': 70, '环境终止': 0}
2025-05-23 19:50:59,175 - [MainProcess] - HMASD - INFO - 向高层缓冲区添加经验：环境ID=5, step=0, total_steps=0, 当前缓冲区大小: 70, 此环境累积奖励: 0.9943, 成功添加：True, 原因：技能周期结束
2025-05-23 19:50:59,176 - [MainProcess] - HMASD-Main - INFO - 环境 5 存储了 1 个高层经验，原因: 技能周期结束，当前高层缓冲区大小: 70, 累积总数: 70
2025-05-23 19:50:59,184 - [MainProcess] - HMASD - INFO - 环境ID=6技能周期结束检查: 累积奖励=1.0249, 需达到=0.0000, 是否存储=True, 离上次贡献=0步
2025-05-23 19:50:59,184 - [MainProcess] - HMASD - INFO - 向高层缓冲区添加经验：环境ID=6, step=0, total_steps=0, 当前缓冲区大小: 71, 此环境累积奖励: 1.0249, 成功添加：True, 原因：技能周期结束
2025-05-23 19:50:59,184 - [MainProcess] - HMASD-Main - INFO - 环境 6 存储了 1 个高层经验，原因: 技能周期结束，当前高层缓冲区大小: 71, 累积总数: 71
2025-05-23 19:50:59,189 - [MainProcess] - HMASD - INFO - 环境ID=7技能周期结束检查: 累积奖励=0.9137, 需达到=0.0000, 是否存储=True, 离上次贡献=0步
2025-05-23 19:50:59,189 - [MainProcess] - HMASD - INFO - 向高层缓冲区添加经验：环境ID=7, step=0, total_steps=0, 当前缓冲区大小: 72, 此环境累积奖励: 0.9137, 成功添加：True, 原因：技能周期结束
2025-05-23 19:50:59,190 - [MainProcess] - HMASD-Main - INFO - 环境 7 存储了 1 个高层经验，原因: 技能周期结束，当前高层缓冲区大小: 72, 累积总数: 72
2025-05-23 19:50:59,195 - [MainProcess] - HMASD - INFO - 环境ID=8技能周期结束检查: 累积奖励=1.0093, 需达到=0.0000, 是否存储=True, 离上次贡献=0步
2025-05-23 19:50:59,195 - [MainProcess] - HMASD - INFO - 向高层缓冲区添加经验：环境ID=8, step=0, total_steps=0, 当前缓冲区大小: 73, 此环境累积奖励: 1.0093, 成功添加：True, 原因：技能周期结束
2025-05-23 19:50:59,196 - [MainProcess] - HMASD-Main - INFO - 环境 8 存储了 1 个高层经验，原因: 技能周期结束，当前高层缓冲区大小: 73, 累积总数: 73
2025-05-23 19:50:59,202 - [MainProcess] - HMASD - INFO - 环境ID=9技能周期结束检查: 累积奖励=1.0648, 需达到=0.0000, 是否存储=True, 离上次贡献=0步
2025-05-23 19:50:59,203 - [MainProcess] - HMASD - INFO - 向高层缓冲区添加经验：环境ID=9, step=0, total_steps=0, 当前缓冲区大小: 74, 此环境累积奖励: 1.0648, 成功添加：True, 原因：技能周期结束
2025-05-23 19:50:59,203 - [MainProcess] - HMASD-Main - INFO - 环境 9 存储了 1 个高层经验，原因: 技能周期结束，当前高层缓冲区大小: 74, 累积总数: 74
2025-05-23 19:50:59,210 - [MainProcess] - HMASD - INFO - 环境ID=10技能周期结束检查: 累积奖励=1.0204, 需达到=0.0000, 是否存储=True, 离上次贡献=0步
2025-05-23 19:50:59,210 - [MainProcess] - HMASD - INFO - 向高层缓冲区添加经验：环境ID=10, step=0, total_steps=0, 当前缓冲区大小: 75, 此环境累积奖励: 1.0204, 成功添加：True, 原因：技能周期结束
2025-05-23 19:50:59,210 - [MainProcess] - HMASD-Main - INFO - 环境 10 存储了 1 个高层经验，原因: 技能周期结束，当前高层缓冲区大小: 75, 累积总数: 75
2025-05-23 19:50:59,215 - [MainProcess] - HMASD - INFO - 环境ID=11技能周期结束检查: 累积奖励=0.9936, 需达到=0.0000, 是否存储=True, 离上次贡献=0步
2025-05-23 19:50:59,215 - [MainProcess] - HMASD - INFO - 向高层缓冲区添加经验：环境ID=11, step=0, total_steps=0, 当前缓冲区大小: 76, 此环境累积奖励: 0.9936, 成功添加：True, 原因：技能周期结束
2025-05-23 19:50:59,215 - [MainProcess] - HMASD-Main - INFO - 环境 11 存储了 1 个高层经验，原因: 技能周期结束，当前高层缓冲区大小: 76, 累积总数: 76
2025-05-23 19:50:59,215 - [MainProcess] - HMASD - INFO - 环境ID=12技能周期结束检查: 累积奖励=0.9187, 需达到=0.0000, 是否存储=True, 离上次贡献=0步
2025-05-23 19:50:59,215 - [MainProcess] - HMASD - INFO - 向高层缓冲区添加经验：环境ID=12, step=0, total_steps=0, 当前缓冲区大小: 77, 此环境累积奖励: 0.9187, 成功添加：True, 原因：技能周期结束
2025-05-23 19:50:59,215 - [MainProcess] - HMASD-Main - INFO - 环境 12 存储了 1 个高层经验，原因: 技能周期结束，当前高层缓冲区大小: 77, 累积总数: 77
2025-05-23 19:50:59,225 - [MainProcess] - HMASD - INFO - 环境ID=13技能周期结束检查: 累积奖励=0.9148, 需达到=0.0000, 是否存储=True, 离上次贡献=0步
2025-05-23 19:50:59,225 - [MainProcess] - HMASD - INFO - 向高层缓冲区添加经验：环境ID=13, step=0, total_steps=0, 当前缓冲区大小: 78, 此环境累积奖励: 0.9148, 成功添加：True, 原因：技能周期结束
2025-05-23 19:50:59,225 - [MainProcess] - HMASD-Main - INFO - 环境 13 存储了 1 个高层经验，原因: 技能周期结束，当前高层缓冲区大小: 78, 累积总数: 78
2025-05-23 19:50:59,225 - [MainProcess] - HMASD - INFO - 环境ID=14技能周期结束检查: 累积奖励=1.1510, 需达到=0.0000, 是否存储=True, 离上次贡献=0步
2025-05-23 19:50:59,225 - [MainProcess] - HMASD - INFO - 向高层缓冲区添加经验：环境ID=14, step=0, total_steps=0, 当前缓冲区大小: 79, 此环境累积奖励: 1.1510, 成功添加：True, 原因：技能周期结束
2025-05-23 19:50:59,225 - [MainProcess] - HMASD-Main - INFO - 环境 14 存储了 1 个高层经验，原因: 技能周期结束，当前高层缓冲区大小: 79, 累积总数: 79
2025-05-23 19:50:59,225 - [MainProcess] - HMASD - INFO - 环境ID=15技能周期结束检查: 累积奖励=0.9815, 需达到=0.0000, 是否存储=True, 离上次贡献=0步
2025-05-23 19:50:59,225 - [MainProcess] - HMASD - INFO - 高层经验统计 - 总样本: 80, 环境贡献: {0: 3, 1: 3, 2: 3, 3: 3, 4: 3, 5: 3, 6: 3, 7: 3, 8: 3, 9: 3, 10: 3, 11: 3, 12: 3, 13: 3, 14: 3, 15: 3, 16: 2, 17: 2, 18: 2, 19: 2, 20: 2, 21: 2, 22: 2, 23: 2, 24: 2, 25: 2, 26: 2, 27: 2, 28: 2, 29: 2, 30: 2, 31: 2}, 原因统计: {'技能周期结束': 80, '环境终止': 0}
2025-05-23 19:50:59,236 - [MainProcess] - HMASD - INFO - 向高层缓冲区添加经验：环境ID=15, step=0, total_steps=0, 当前缓冲区大小: 80, 此环境累积奖励: 0.9815, 成功添加：True, 原因：技能周期结束
2025-05-23 19:50:59,236 - [MainProcess] - HMASD-Main - INFO - 环境 15 存储了 1 个高层经验，原因: 技能周期结束，当前高层缓冲区大小: 80, 累积总数: 80
2025-05-23 19:50:59,242 - [MainProcess] - HMASD - INFO - 环境ID=16技能周期结束检查: 累积奖励=1.0901, 需达到=0.0000, 是否存储=True, 离上次贡献=0步
2025-05-23 19:50:59,242 - [MainProcess] - HMASD - INFO - 向高层缓冲区添加经验：环境ID=16, step=0, total_steps=0, 当前缓冲区大小: 81, 此环境累积奖励: 1.0901, 成功添加：True, 原因：技能周期结束
2025-05-23 19:50:59,246 - [MainProcess] - HMASD-Main - INFO - 环境 16 存储了 1 个高层经验，原因: 技能周期结束，当前高层缓冲区大小: 81, 累积总数: 81
2025-05-23 19:50:59,248 - [MainProcess] - HMASD - INFO - 环境ID=17技能周期结束检查: 累积奖励=1.0840, 需达到=0.0000, 是否存储=True, 离上次贡献=0步
2025-05-23 19:50:59,248 - [MainProcess] - HMASD - INFO - 向高层缓冲区添加经验：环境ID=17, step=0, total_steps=0, 当前缓冲区大小: 82, 此环境累积奖励: 1.0840, 成功添加：True, 原因：技能周期结束
2025-05-23 19:50:59,248 - [MainProcess] - HMASD-Main - INFO - 环境 17 存储了 1 个高层经验，原因: 技能周期结束，当前高层缓冲区大小: 82, 累积总数: 82
2025-05-23 19:50:59,256 - [MainProcess] - HMASD - INFO - 环境ID=18技能周期结束检查: 累积奖励=1.0798, 需达到=0.0000, 是否存储=True, 离上次贡献=0步
2025-05-23 19:50:59,256 - [MainProcess] - HMASD - INFO - 向高层缓冲区添加经验：环境ID=18, step=0, total_steps=0, 当前缓冲区大小: 83, 此环境累积奖励: 1.0798, 成功添加：True, 原因：技能周期结束
2025-05-23 19:50:59,256 - [MainProcess] - HMASD-Main - INFO - 环境 18 存储了 1 个高层经验，原因: 技能周期结束，当前高层缓冲区大小: 83, 累积总数: 83
2025-05-23 19:50:59,270 - [MainProcess] - HMASD - INFO - 环境ID=19技能周期结束检查: 累积奖励=1.1754, 需达到=0.0000, 是否存储=True, 离上次贡献=0步
2025-05-23 19:50:59,270 - [MainProcess] - HMASD - INFO - 向高层缓冲区添加经验：环境ID=19, step=0, total_steps=0, 当前缓冲区大小: 84, 此环境累积奖励: 1.1754, 成功添加：True, 原因：技能周期结束
2025-05-23 19:50:59,270 - [MainProcess] - HMASD-Main - INFO - 环境 19 存储了 1 个高层经验，原因: 技能周期结束，当前高层缓冲区大小: 84, 累积总数: 84
2025-05-23 19:50:59,280 - [MainProcess] - HMASD - INFO - 环境ID=20技能周期结束检查: 累积奖励=0.9225, 需达到=0.0000, 是否存储=True, 离上次贡献=0步
2025-05-23 19:50:59,280 - [MainProcess] - HMASD - INFO - 向高层缓冲区添加经验：环境ID=20, step=0, total_steps=0, 当前缓冲区大小: 85, 此环境累积奖励: 0.9225, 成功添加：True, 原因：技能周期结束
2025-05-23 19:50:59,280 - [MainProcess] - HMASD-Main - INFO - 环境 20 存储了 1 个高层经验，原因: 技能周期结束，当前高层缓冲区大小: 85, 累积总数: 85
2025-05-23 19:50:59,286 - [MainProcess] - HMASD - INFO - 环境ID=21技能周期结束检查: 累积奖励=1.1222, 需达到=0.0000, 是否存储=True, 离上次贡献=0步
2025-05-23 19:50:59,286 - [MainProcess] - HMASD - INFO - 向高层缓冲区添加经验：环境ID=21, step=0, total_steps=0, 当前缓冲区大小: 86, 此环境累积奖励: 1.1222, 成功添加：True, 原因：技能周期结束
2025-05-23 19:50:59,286 - [MainProcess] - HMASD-Main - INFO - 环境 21 存储了 1 个高层经验，原因: 技能周期结束，当前高层缓冲区大小: 86, 累积总数: 86
2025-05-23 19:50:59,296 - [MainProcess] - HMASD - INFO - 环境ID=22技能周期结束检查: 累积奖励=0.8588, 需达到=0.0000, 是否存储=True, 离上次贡献=0步
2025-05-23 19:50:59,296 - [MainProcess] - HMASD - INFO - 向高层缓冲区添加经验：环境ID=22, step=0, total_steps=0, 当前缓冲区大小: 87, 此环境累积奖励: 0.8588, 成功添加：True, 原因：技能周期结束
2025-05-23 19:50:59,296 - [MainProcess] - HMASD-Main - INFO - 环境 22 存储了 1 个高层经验，原因: 技能周期结束，当前高层缓冲区大小: 87, 累积总数: 87
2025-05-23 19:50:59,296 - [MainProcess] - HMASD - INFO - 环境ID=23技能周期结束检查: 累积奖励=1.0223, 需达到=0.0000, 是否存储=True, 离上次贡献=0步
2025-05-23 19:50:59,296 - [MainProcess] - HMASD - INFO - 向高层缓冲区添加经验：环境ID=23, step=0, total_steps=0, 当前缓冲区大小: 88, 此环境累积奖励: 1.0223, 成功添加：True, 原因：技能周期结束
2025-05-23 19:50:59,296 - [MainProcess] - HMASD-Main - INFO - 环境 23 存储了 1 个高层经验，原因: 技能周期结束，当前高层缓冲区大小: 88, 累积总数: 88
2025-05-23 19:50:59,306 - [MainProcess] - HMASD - INFO - 环境ID=24技能周期结束检查: 累积奖励=0.9826, 需达到=0.0000, 是否存储=True, 离上次贡献=0步
2025-05-23 19:50:59,306 - [MainProcess] - HMASD - INFO - 向高层缓冲区添加经验：环境ID=24, step=0, total_steps=0, 当前缓冲区大小: 89, 此环境累积奖励: 0.9826, 成功添加：True, 原因：技能周期结束
2025-05-23 19:50:59,306 - [MainProcess] - HMASD-Main - INFO - 环境 24 存储了 1 个高层经验，原因: 技能周期结束，当前高层缓冲区大小: 89, 累积总数: 89
2025-05-23 19:50:59,306 - [MainProcess] - HMASD - INFO - 环境ID=25技能周期结束检查: 累积奖励=1.0447, 需达到=0.0000, 是否存储=True, 离上次贡献=0步
2025-05-23 19:50:59,306 - [MainProcess] - HMASD - INFO - 高层经验统计 - 总样本: 90, 环境贡献: {0: 3, 1: 3, 2: 3, 3: 3, 4: 3, 5: 3, 6: 3, 7: 3, 8: 3, 9: 3, 10: 3, 11: 3, 12: 3, 13: 3, 14: 3, 15: 3, 16: 3, 17: 3, 18: 3, 19: 3, 20: 3, 21: 3, 22: 3, 23: 3, 24: 3, 25: 3, 26: 2, 27: 2, 28: 2, 29: 2, 30: 2, 31: 2}, 原因统计: {'技能周期结束': 90, '环境终止': 0}
2025-05-23 19:50:59,319 - [MainProcess] - HMASD - INFO - 向高层缓冲区添加经验：环境ID=25, step=0, total_steps=0, 当前缓冲区大小: 90, 此环境累积奖励: 1.0447, 成功添加：True, 原因：技能周期结束
2025-05-23 19:50:59,319 - [MainProcess] - HMASD-Main - INFO - 环境 25 存储了 1 个高层经验，原因: 技能周期结束，当前高层缓冲区大小: 90, 累积总数: 90
2025-05-23 19:50:59,327 - [MainProcess] - HMASD - INFO - 环境ID=26技能周期结束检查: 累积奖励=1.1878, 需达到=0.0000, 是否存储=True, 离上次贡献=0步
2025-05-23 19:50:59,327 - [MainProcess] - HMASD - INFO - 向高层缓冲区添加经验：环境ID=26, step=0, total_steps=0, 当前缓冲区大小: 91, 此环境累积奖励: 1.1878, 成功添加：True, 原因：技能周期结束
2025-05-23 19:50:59,327 - [MainProcess] - HMASD-Main - INFO - 环境 26 存储了 1 个高层经验，原因: 技能周期结束，当前高层缓冲区大小: 91, 累积总数: 91
2025-05-23 19:50:59,332 - [MainProcess] - HMASD - INFO - 环境ID=27技能周期结束检查: 累积奖励=0.9123, 需达到=0.0000, 是否存储=True, 离上次贡献=0步
2025-05-23 19:50:59,332 - [MainProcess] - HMASD - INFO - 向高层缓冲区添加经验：环境ID=27, step=0, total_steps=0, 当前缓冲区大小: 92, 此环境累积奖励: 0.9123, 成功添加：True, 原因：技能周期结束
2025-05-23 19:50:59,332 - [MainProcess] - HMASD-Main - INFO - 环境 27 存储了 1 个高层经验，原因: 技能周期结束，当前高层缓冲区大小: 92, 累积总数: 92
2025-05-23 19:50:59,340 - [MainProcess] - HMASD - INFO - 环境ID=28技能周期结束检查: 累积奖励=1.3185, 需达到=0.0000, 是否存储=True, 离上次贡献=0步
2025-05-23 19:50:59,340 - [MainProcess] - HMASD - INFO - 向高层缓冲区添加经验：环境ID=28, step=0, total_steps=0, 当前缓冲区大小: 93, 此环境累积奖励: 1.3185, 成功添加：True, 原因：技能周期结束
2025-05-23 19:50:59,340 - [MainProcess] - HMASD-Main - INFO - 环境 28 存储了 1 个高层经验，原因: 技能周期结束，当前高层缓冲区大小: 93, 累积总数: 93
2025-05-23 19:50:59,345 - [MainProcess] - HMASD - INFO - 环境ID=29技能周期结束检查: 累积奖励=1.1120, 需达到=0.0000, 是否存储=True, 离上次贡献=0步
2025-05-23 19:50:59,345 - [MainProcess] - HMASD - INFO - 向高层缓冲区添加经验：环境ID=29, step=0, total_steps=0, 当前缓冲区大小: 94, 此环境累积奖励: 1.1120, 成功添加：True, 原因：技能周期结束
2025-05-23 19:50:59,345 - [MainProcess] - HMASD-Main - INFO - 环境 29 存储了 1 个高层经验，原因: 技能周期结束，当前高层缓冲区大小: 94, 累积总数: 94
2025-05-23 19:50:59,354 - [MainProcess] - HMASD - INFO - 环境ID=30技能周期结束检查: 累积奖励=1.1138, 需达到=0.0000, 是否存储=True, 离上次贡献=0步
2025-05-23 19:50:59,354 - [MainProcess] - HMASD - INFO - 向高层缓冲区添加经验：环境ID=30, step=0, total_steps=0, 当前缓冲区大小: 95, 此环境累积奖励: 1.1138, 成功添加：True, 原因：技能周期结束
2025-05-23 19:50:59,354 - [MainProcess] - HMASD-Main - INFO - 环境 30 存储了 1 个高层经验，原因: 技能周期结束，当前高层缓冲区大小: 95, 累积总数: 95
2025-05-23 19:50:59,354 - [MainProcess] - HMASD - INFO - 环境ID=31技能周期结束检查: 累积奖励=1.0503, 需达到=0.0000, 是否存储=True, 离上次贡献=0步
2025-05-23 19:50:59,354 - [MainProcess] - HMASD - INFO - 向高层缓冲区添加经验：环境ID=31, step=0, total_steps=0, 当前缓冲区大小: 96, 此环境累积奖励: 1.0503, 成功添加：True, 原因：技能周期结束
2025-05-23 19:50:59,354 - [MainProcess] - HMASD-Main - INFO - 环境 31 存储了 1 个高层经验，原因: 技能周期结束，当前高层缓冲区大小: 96, 累积总数: 96
2025-05-23 19:51:00,447 - [MainProcess] - HMASD - INFO - 高层缓冲区状态: 96/128 (当前/所需)
2025-05-23 19:51:00,447 - [MainProcess] - HMASD - WARNING - 高层缓冲区样本不足，需要128个样本，但只有96个。跳过更新。
2025-05-23 19:51:00,447 - [MainProcess] - HMASD - INFO - 初始化critic_mlp: 实际状态维度 = 116, 团队技能维度 = 3
2025-05-23 19:51:00,557 - [MainProcess] - HMASD - INFO - 高层缓冲区状态: 96/128 (当前/所需)
2025-05-23 19:51:00,589 - [MainProcess] - HMASD - INFO - 高层缓冲区状态: 96/128 (当前/所需)
2025-05-23 19:51:00,636 - [MainProcess] - HMASD - INFO - 高层缓冲区状态: 96/128 (当前/所需)
2025-05-23 19:51:00,675 - [MainProcess] - HMASD - INFO - 高层缓冲区状态: 96/128 (当前/所需)
2025-05-23 19:51:00,712 - [MainProcess] - HMASD - INFO - 高层缓冲区状态: 96/128 (当前/所需)
2025-05-23 19:51:00,753 - [MainProcess] - HMASD - INFO - 高层缓冲区状态: 96/128 (当前/所需)
2025-05-23 19:51:00,790 - [MainProcess] - HMASD - INFO - 高层缓冲区状态: 96/128 (当前/所需)
2025-05-23 19:51:00,823 - [MainProcess] - HMASD - INFO - 高层缓冲区状态: 96/128 (当前/所需)
2025-05-23 19:51:00,856 - [MainProcess] - HMASD - INFO - 高层缓冲区状态: 96/128 (当前/所需)
2025-05-23 19:51:00,880 - [MainProcess] - HMASD - INFO - 高层缓冲区状态: 96/128 (当前/所需)
2025-05-23 19:51:00,880 - [MainProcess] - HMASD - WARNING - 高层缓冲区样本不足，需要128个样本，但只有96个。跳过更新。
2025-05-23 19:51:00,928 - [MainProcess] - HMASD - INFO - 高层缓冲区状态: 96/128 (当前/所需)
2025-05-23 19:51:00,977 - [MainProcess] - HMASD - INFO - 高层缓冲区状态: 96/128 (当前/所需)
2025-05-23 19:51:01,012 - [MainProcess] - HMASD - INFO - 高层缓冲区状态: 96/128 (当前/所需)
2025-05-23 19:51:01,052 - [MainProcess] - HMASD - INFO - 高层缓冲区状态: 96/128 (当前/所需)
2025-05-23 19:51:01,085 - [MainProcess] - HMASD - INFO - 高层缓冲区状态: 96/128 (当前/所需)
2025-05-23 19:51:01,119 - [MainProcess] - HMASD - INFO - 高层缓冲区状态: 96/128 (当前/所需)
2025-05-23 19:51:01,155 - [MainProcess] - HMASD - INFO - 高层缓冲区状态: 96/128 (当前/所需)
2025-05-23 19:51:01,192 - [MainProcess] - HMASD - INFO - 高层缓冲区状态: 96/128 (当前/所需)
2025-05-23 19:51:01,227 - [MainProcess] - HMASD - INFO - 高层缓冲区状态: 96/128 (当前/所需)
2025-05-23 19:51:01,276 - [MainProcess] - HMASD - INFO - 高层缓冲区状态: 96/128 (当前/所需)
2025-05-23 19:51:01,277 - [MainProcess] - HMASD - WARNING - 高层缓冲区样本不足，需要128个样本，但只有96个。跳过更新。
2025-05-23 19:51:01,330 - [MainProcess] - HMASD - INFO - 高层缓冲区状态: 96/128 (当前/所需)
2025-05-23 19:51:01,364 - [MainProcess] - HMASD - INFO - 高层缓冲区状态: 96/128 (当前/所需)
2025-05-23 19:51:01,405 - [MainProcess] - HMASD - INFO - 高层缓冲区状态: 96/128 (当前/所需)
2025-05-23 19:51:01,447 - [MainProcess] - HMASD - INFO - 高层缓冲区状态: 96/128 (当前/所需)
2025-05-23 19:51:01,475 - [MainProcess] - HMASD - INFO - 高层缓冲区状态: 96/128 (当前/所需)
2025-05-23 19:51:01,516 - [MainProcess] - HMASD - INFO - 高层缓冲区状态: 96/128 (当前/所需)
2025-05-23 19:51:01,549 - [MainProcess] - HMASD - INFO - 高层缓冲区状态: 96/128 (当前/所需)
2025-05-23 19:51:01,577 - [MainProcess] - HMASD - INFO - 高层缓冲区状态: 96/128 (当前/所需)
2025-05-23 19:51:01,607 - [MainProcess] - HMASD - INFO - 高层缓冲区状态: 96/128 (当前/所需)
2025-05-23 19:51:01,649 - [MainProcess] - HMASD - INFO - 高层缓冲区状态: 96/128 (当前/所需)
2025-05-23 19:51:01,649 - [MainProcess] - HMASD - WARNING - 高层缓冲区样本不足，需要128个样本，但只有96个。跳过更新。
2025-05-23 19:51:01,710 - [MainProcess] - HMASD - INFO - 高层缓冲区状态: 96/128 (当前/所需)
2025-05-23 19:51:07,050 - [MainProcess] - HMASD - INFO - 环境ID=0技能周期结束检查: 累积奖励=0.9782, 需达到=0.0000, 是否存储=True, 离上次贡献=32步
2025-05-23 19:51:07,050 - [MainProcess] - HMASD - INFO - 向高层缓冲区添加经验：环境ID=0, step=32, total_steps=32, 当前缓冲区大小: 97, 此环境累积奖励: 0.9782, 成功添加：True, 原因：技能周期结束
2025-05-23 19:51:07,050 - [MainProcess] - HMASD-Main - INFO - 环境 0 存储了 1 个高层经验，原因: 技能周期结束，当前高层缓冲区大小: 97, 累积总数: 97
2025-05-23 19:51:07,057 - [MainProcess] - HMASD - INFO - 环境ID=1技能周期结束检查: 累积奖励=1.0146, 需达到=0.0000, 是否存储=True, 离上次贡献=32步
2025-05-23 19:51:07,057 - [MainProcess] - HMASD - INFO - 向高层缓冲区添加经验：环境ID=1, step=32, total_steps=32, 当前缓冲区大小: 98, 此环境累积奖励: 1.0146, 成功添加：True, 原因：技能周期结束
2025-05-23 19:51:07,057 - [MainProcess] - HMASD-Main - INFO - 环境 1 存储了 1 个高层经验，原因: 技能周期结束，当前高层缓冲区大小: 98, 累积总数: 98
2025-05-23 19:51:07,057 - [MainProcess] - HMASD - INFO - 环境ID=2技能周期结束检查: 累积奖励=0.9327, 需达到=0.0000, 是否存储=True, 离上次贡献=32步
2025-05-23 19:51:07,057 - [MainProcess] - HMASD - INFO - 向高层缓冲区添加经验：环境ID=2, step=32, total_steps=32, 当前缓冲区大小: 99, 此环境累积奖励: 0.9327, 成功添加：True, 原因：技能周期结束
2025-05-23 19:51:07,057 - [MainProcess] - HMASD-Main - INFO - 环境 2 存储了 1 个高层经验，原因: 技能周期结束，当前高层缓冲区大小: 99, 累积总数: 99
2025-05-23 19:51:07,067 - [MainProcess] - HMASD - INFO - 环境ID=3技能周期结束检查: 累积奖励=0.6584, 需达到=0.0000, 是否存储=True, 离上次贡献=32步
2025-05-23 19:51:07,067 - [MainProcess] - HMASD - INFO - 高层经验统计 - 总样本: 100, 环境贡献: {0: 4, 1: 4, 2: 4, 3: 4, 4: 3, 5: 3, 6: 3, 7: 3, 8: 3, 9: 3, 10: 3, 11: 3, 12: 3, 13: 3, 14: 3, 15: 3, 16: 3, 17: 3, 18: 3, 19: 3, 20: 3, 21: 3, 22: 3, 23: 3, 24: 3, 25: 3, 26: 3, 27: 3, 28: 3, 29: 3, 30: 3, 31: 3}, 原因统计: {'技能周期结束': 100, '环境终止': 0}
2025-05-23 19:51:07,067 - [MainProcess] - HMASD - INFO - 向高层缓冲区添加经验：环境ID=3, step=32, total_steps=32, 当前缓冲区大小: 100, 此环境累积奖励: 0.6584, 成功添加：True, 原因：技能周期结束
2025-05-23 19:51:07,067 - [MainProcess] - HMASD-Main - INFO - 环境 3 存储了 1 个高层经验，原因: 技能周期结束，当前高层缓冲区大小: 100, 累积总数: 100
2025-05-23 19:51:07,078 - [MainProcess] - HMASD - INFO - 环境ID=4技能周期结束检查: 累积奖励=1.0950, 需达到=0.0000, 是否存储=True, 离上次贡献=32步
2025-05-23 19:51:07,078 - [MainProcess] - HMASD - INFO - 向高层缓冲区添加经验：环境ID=4, step=32, total_steps=32, 当前缓冲区大小: 101, 此环境累积奖励: 1.0950, 成功添加：True, 原因：技能周期结束
2025-05-23 19:51:07,078 - [MainProcess] - HMASD-Main - INFO - 环境 4 存储了 1 个高层经验，原因: 技能周期结束，当前高层缓冲区大小: 101, 累积总数: 101
2025-05-23 19:51:07,081 - [MainProcess] - HMASD - INFO - 环境ID=5技能周期结束检查: 累积奖励=0.9828, 需达到=0.0000, 是否存储=True, 离上次贡献=32步
2025-05-23 19:51:07,081 - [MainProcess] - HMASD - INFO - 向高层缓冲区添加经验：环境ID=5, step=32, total_steps=32, 当前缓冲区大小: 102, 此环境累积奖励: 0.9828, 成功添加：True, 原因：技能周期结束
2025-05-23 19:51:07,081 - [MainProcess] - HMASD-Main - INFO - 环境 5 存储了 1 个高层经验，原因: 技能周期结束，当前高层缓冲区大小: 102, 累积总数: 102
2025-05-23 19:51:07,081 - [MainProcess] - HMASD - INFO - 环境ID=6技能周期结束检查: 累积奖励=1.0437, 需达到=0.0000, 是否存储=True, 离上次贡献=32步
2025-05-23 19:51:07,081 - [MainProcess] - HMASD - INFO - 向高层缓冲区添加经验：环境ID=6, step=32, total_steps=32, 当前缓冲区大小: 103, 此环境累积奖励: 1.0437, 成功添加：True, 原因：技能周期结束
2025-05-23 19:51:07,081 - [MainProcess] - HMASD-Main - INFO - 环境 6 存储了 1 个高层经验，原因: 技能周期结束，当前高层缓冲区大小: 103, 累积总数: 103
2025-05-23 19:51:07,090 - [MainProcess] - HMASD - INFO - 环境ID=7技能周期结束检查: 累积奖励=0.9292, 需达到=0.0000, 是否存储=True, 离上次贡献=32步
2025-05-23 19:51:07,090 - [MainProcess] - HMASD - INFO - 向高层缓冲区添加经验：环境ID=7, step=32, total_steps=32, 当前缓冲区大小: 104, 此环境累积奖励: 0.9292, 成功添加：True, 原因：技能周期结束
2025-05-23 19:51:07,090 - [MainProcess] - HMASD-Main - INFO - 环境 7 存储了 1 个高层经验，原因: 技能周期结束，当前高层缓冲区大小: 104, 累积总数: 104
2025-05-23 19:51:07,094 - [MainProcess] - HMASD - INFO - 环境ID=8技能周期结束检查: 累积奖励=0.9564, 需达到=0.0000, 是否存储=True, 离上次贡献=32步
2025-05-23 19:51:07,094 - [MainProcess] - HMASD - INFO - 向高层缓冲区添加经验：环境ID=8, step=32, total_steps=32, 当前缓冲区大小: 105, 此环境累积奖励: 0.9564, 成功添加：True, 原因：技能周期结束
2025-05-23 19:51:07,094 - [MainProcess] - HMASD-Main - INFO - 环境 8 存储了 1 个高层经验，原因: 技能周期结束，当前高层缓冲区大小: 105, 累积总数: 105
2025-05-23 19:51:07,098 - [MainProcess] - HMASD - INFO - 环境ID=9技能周期结束检查: 累积奖励=0.9978, 需达到=0.0000, 是否存储=True, 离上次贡献=32步
2025-05-23 19:51:07,098 - [MainProcess] - HMASD - INFO - 向高层缓冲区添加经验：环境ID=9, step=32, total_steps=32, 当前缓冲区大小: 106, 此环境累积奖励: 0.9978, 成功添加：True, 原因：技能周期结束
2025-05-23 19:51:07,098 - [MainProcess] - HMASD-Main - INFO - 环境 9 存储了 1 个高层经验，原因: 技能周期结束，当前高层缓冲区大小: 106, 累积总数: 106
2025-05-23 19:51:07,098 - [MainProcess] - HMASD - INFO - 环境ID=10技能周期结束检查: 累积奖励=0.9982, 需达到=0.0000, 是否存储=True, 离上次贡献=32步
2025-05-23 19:51:07,098 - [MainProcess] - HMASD - INFO - 向高层缓冲区添加经验：环境ID=10, step=32, total_steps=32, 当前缓冲区大小: 107, 此环境累积奖励: 0.9982, 成功添加：True, 原因：技能周期结束
2025-05-23 19:51:07,098 - [MainProcess] - HMASD-Main - INFO - 环境 10 存储了 1 个高层经验，原因: 技能周期结束，当前高层缓冲区大小: 107, 累积总数: 107
2025-05-23 19:51:07,108 - [MainProcess] - HMASD - INFO - 环境ID=11技能周期结束检查: 累积奖励=0.9482, 需达到=0.0000, 是否存储=True, 离上次贡献=32步
2025-05-23 19:51:07,108 - [MainProcess] - HMASD - INFO - 向高层缓冲区添加经验：环境ID=11, step=32, total_steps=32, 当前缓冲区大小: 108, 此环境累积奖励: 0.9482, 成功添加：True, 原因：技能周期结束
2025-05-23 19:51:07,108 - [MainProcess] - HMASD-Main - INFO - 环境 11 存储了 1 个高层经验，原因: 技能周期结束，当前高层缓冲区大小: 108, 累积总数: 108
2025-05-23 19:51:07,108 - [MainProcess] - HMASD - INFO - 环境ID=12技能周期结束检查: 累积奖励=0.9817, 需达到=0.0000, 是否存储=True, 离上次贡献=32步
2025-05-23 19:51:07,108 - [MainProcess] - HMASD - INFO - 向高层缓冲区添加经验：环境ID=12, step=32, total_steps=32, 当前缓冲区大小: 109, 此环境累积奖励: 0.9817, 成功添加：True, 原因：技能周期结束
2025-05-23 19:51:07,108 - [MainProcess] - HMASD-Main - INFO - 环境 12 存储了 1 个高层经验，原因: 技能周期结束，当前高层缓冲区大小: 109, 累积总数: 109
2025-05-23 19:51:07,115 - [MainProcess] - HMASD - INFO - 环境ID=13技能周期结束检查: 累积奖励=0.8529, 需达到=0.0000, 是否存储=True, 离上次贡献=32步
2025-05-23 19:51:07,115 - [MainProcess] - HMASD - INFO - 高层经验统计 - 总样本: 110, 环境贡献: {0: 4, 1: 4, 2: 4, 3: 4, 4: 4, 5: 4, 6: 4, 7: 4, 8: 4, 9: 4, 10: 4, 11: 4, 12: 4, 13: 4, 14: 3, 15: 3, 16: 3, 17: 3, 18: 3, 19: 3, 20: 3, 21: 3, 22: 3, 23: 3, 24: 3, 25: 3, 26: 3, 27: 3, 28: 3, 29: 3, 30: 3, 31: 3}, 原因统计: {'技能周期结束': 110, '环境终止': 0}
2025-05-23 19:51:07,115 - [MainProcess] - HMASD - INFO - 向高层缓冲区添加经验：环境ID=13, step=32, total_steps=32, 当前缓冲区大小: 110, 此环境累积奖励: 0.8529, 成功添加：True, 原因：技能周期结束
2025-05-23 19:51:07,115 - [MainProcess] - HMASD-Main - INFO - 环境 13 存储了 1 个高层经验，原因: 技能周期结束，当前高层缓冲区大小: 110, 累积总数: 110
2025-05-23 19:51:07,125 - [MainProcess] - HMASD - INFO - 环境ID=14技能周期结束检查: 累积奖励=1.0559, 需达到=0.0000, 是否存储=True, 离上次贡献=32步
2025-05-23 19:51:07,125 - [MainProcess] - HMASD - INFO - 向高层缓冲区添加经验：环境ID=14, step=32, total_steps=32, 当前缓冲区大小: 111, 此环境累积奖励: 1.0559, 成功添加：True, 原因：技能周期结束
2025-05-23 19:51:07,125 - [MainProcess] - HMASD-Main - INFO - 环境 14 存储了 1 个高层经验，原因: 技能周期结束，当前高层缓冲区大小: 111, 累积总数: 111
2025-05-23 19:51:07,125 - [MainProcess] - HMASD - INFO - 环境ID=15技能周期结束检查: 累积奖励=0.9751, 需达到=0.0000, 是否存储=True, 离上次贡献=32步
2025-05-23 19:51:07,125 - [MainProcess] - HMASD - INFO - 向高层缓冲区添加经验：环境ID=15, step=32, total_steps=32, 当前缓冲区大小: 112, 此环境累积奖励: 0.9751, 成功添加：True, 原因：技能周期结束
2025-05-23 19:51:07,125 - [MainProcess] - HMASD-Main - INFO - 环境 15 存储了 1 个高层经验，原因: 技能周期结束，当前高层缓冲区大小: 112, 累积总数: 112
2025-05-23 19:51:07,135 - [MainProcess] - HMASD - INFO - 环境ID=16技能周期结束检查: 累积奖励=1.0368, 需达到=0.0000, 是否存储=True, 离上次贡献=32步
2025-05-23 19:51:07,135 - [MainProcess] - HMASD - INFO - 向高层缓冲区添加经验：环境ID=16, step=32, total_steps=32, 当前缓冲区大小: 113, 此环境累积奖励: 1.0368, 成功添加：True, 原因：技能周期结束
2025-05-23 19:51:07,135 - [MainProcess] - HMASD-Main - INFO - 环境 16 存储了 1 个高层经验，原因: 技能周期结束，当前高层缓冲区大小: 113, 累积总数: 113
2025-05-23 19:51:07,135 - [MainProcess] - HMASD - INFO - 环境ID=17技能周期结束检查: 累积奖励=0.9951, 需达到=0.0000, 是否存储=True, 离上次贡献=32步
2025-05-23 19:51:07,135 - [MainProcess] - HMASD - INFO - 向高层缓冲区添加经验：环境ID=17, step=32, total_steps=32, 当前缓冲区大小: 114, 此环境累积奖励: 0.9951, 成功添加：True, 原因：技能周期结束
2025-05-23 19:51:07,135 - [MainProcess] - HMASD-Main - INFO - 环境 17 存储了 1 个高层经验，原因: 技能周期结束，当前高层缓冲区大小: 114, 累积总数: 114
2025-05-23 19:51:07,145 - [MainProcess] - HMASD - INFO - 环境ID=18技能周期结束检查: 累积奖励=0.9131, 需达到=0.0000, 是否存储=True, 离上次贡献=32步
2025-05-23 19:51:07,145 - [MainProcess] - HMASD - INFO - 向高层缓冲区添加经验：环境ID=18, step=32, total_steps=32, 当前缓冲区大小: 115, 此环境累积奖励: 0.9131, 成功添加：True, 原因：技能周期结束
2025-05-23 19:51:07,145 - [MainProcess] - HMASD-Main - INFO - 环境 18 存储了 1 个高层经验，原因: 技能周期结束，当前高层缓冲区大小: 115, 累积总数: 115
2025-05-23 19:51:07,151 - [MainProcess] - HMASD - INFO - 环境ID=19技能周期结束检查: 累积奖励=1.2487, 需达到=0.0000, 是否存储=True, 离上次贡献=32步
2025-05-23 19:51:07,151 - [MainProcess] - HMASD - INFO - 向高层缓冲区添加经验：环境ID=19, step=32, total_steps=32, 当前缓冲区大小: 116, 此环境累积奖励: 1.2487, 成功添加：True, 原因：技能周期结束
2025-05-23 19:51:07,153 - [MainProcess] - HMASD-Main - INFO - 环境 19 存储了 1 个高层经验，原因: 技能周期结束，当前高层缓冲区大小: 116, 累积总数: 116
2025-05-23 19:51:07,155 - [MainProcess] - HMASD - INFO - 环境ID=20技能周期结束检查: 累积奖励=0.8828, 需达到=0.0000, 是否存储=True, 离上次贡献=32步
2025-05-23 19:51:07,155 - [MainProcess] - HMASD - INFO - 向高层缓冲区添加经验：环境ID=20, step=32, total_steps=32, 当前缓冲区大小: 117, 此环境累积奖励: 0.8828, 成功添加：True, 原因：技能周期结束
2025-05-23 19:51:07,155 - [MainProcess] - HMASD-Main - INFO - 环境 20 存储了 1 个高层经验，原因: 技能周期结束，当前高层缓冲区大小: 117, 累积总数: 117
2025-05-23 19:51:07,155 - [MainProcess] - HMASD - INFO - 环境ID=21技能周期结束检查: 累积奖励=1.0760, 需达到=0.0000, 是否存储=True, 离上次贡献=32步
2025-05-23 19:51:07,155 - [MainProcess] - HMASD - INFO - 向高层缓冲区添加经验：环境ID=21, step=32, total_steps=32, 当前缓冲区大小: 118, 此环境累积奖励: 1.0760, 成功添加：True, 原因：技能周期结束
2025-05-23 19:51:07,155 - [MainProcess] - HMASD-Main - INFO - 环境 21 存储了 1 个高层经验，原因: 技能周期结束，当前高层缓冲区大小: 118, 累积总数: 118
2025-05-23 19:51:07,167 - [MainProcess] - HMASD - INFO - 环境ID=22技能周期结束检查: 累积奖励=0.8458, 需达到=0.0000, 是否存储=True, 离上次贡献=32步
2025-05-23 19:51:07,167 - [MainProcess] - HMASD - INFO - 向高层缓冲区添加经验：环境ID=22, step=32, total_steps=32, 当前缓冲区大小: 119, 此环境累积奖励: 0.8458, 成功添加：True, 原因：技能周期结束
2025-05-23 19:51:07,168 - [MainProcess] - HMASD-Main - INFO - 环境 22 存储了 1 个高层经验，原因: 技能周期结束，当前高层缓冲区大小: 119, 累积总数: 119
2025-05-23 19:51:07,172 - [MainProcess] - HMASD - INFO - 环境ID=23技能周期结束检查: 累积奖励=0.8918, 需达到=0.0000, 是否存储=True, 离上次贡献=32步
2025-05-23 19:51:07,172 - [MainProcess] - HMASD - INFO - 高层经验统计 - 总样本: 120, 环境贡献: {0: 4, 1: 4, 2: 4, 3: 4, 4: 4, 5: 4, 6: 4, 7: 4, 8: 4, 9: 4, 10: 4, 11: 4, 12: 4, 13: 4, 14: 4, 15: 4, 16: 4, 17: 4, 18: 4, 19: 4, 20: 4, 21: 4, 22: 4, 23: 4, 24: 3, 25: 3, 26: 3, 27: 3, 28: 3, 29: 3, 30: 3, 31: 3}, 原因统计: {'技能周期结束': 120, '环境终止': 0}
2025-05-23 19:51:07,173 - [MainProcess] - HMASD - INFO - 向高层缓冲区添加经验：环境ID=23, step=32, total_steps=32, 当前缓冲区大小: 120, 此环境累积奖励: 0.8918, 成功添加：True, 原因：技能周期结束
2025-05-23 19:51:07,173 - [MainProcess] - HMASD-Main - INFO - 环境 23 存储了 1 个高层经验，原因: 技能周期结束，当前高层缓冲区大小: 120, 累积总数: 120
2025-05-23 19:51:07,173 - [MainProcess] - HMASD - INFO - 环境ID=24技能周期结束检查: 累积奖励=0.9737, 需达到=0.0000, 是否存储=True, 离上次贡献=32步
2025-05-23 19:51:07,173 - [MainProcess] - HMASD - INFO - 向高层缓冲区添加经验：环境ID=24, step=32, total_steps=32, 当前缓冲区大小: 121, 此环境累积奖励: 0.9737, 成功添加：True, 原因：技能周期结束
2025-05-23 19:51:07,173 - [MainProcess] - HMASD-Main - INFO - 环境 24 存储了 1 个高层经验，原因: 技能周期结束，当前高层缓冲区大小: 121, 累积总数: 121
2025-05-23 19:51:07,186 - [MainProcess] - HMASD - INFO - 环境ID=25技能周期结束检查: 累积奖励=0.8947, 需达到=0.0000, 是否存储=True, 离上次贡献=32步
2025-05-23 19:51:07,186 - [MainProcess] - HMASD - INFO - 向高层缓冲区添加经验：环境ID=25, step=32, total_steps=32, 当前缓冲区大小: 122, 此环境累积奖励: 0.8947, 成功添加：True, 原因：技能周期结束
2025-05-23 19:51:07,186 - [MainProcess] - HMASD-Main - INFO - 环境 25 存储了 1 个高层经验，原因: 技能周期结束，当前高层缓冲区大小: 122, 累积总数: 122
2025-05-23 19:51:07,187 - [MainProcess] - HMASD - INFO - 环境ID=26技能周期结束检查: 累积奖励=1.1057, 需达到=0.0000, 是否存储=True, 离上次贡献=32步
2025-05-23 19:51:07,187 - [MainProcess] - HMASD - INFO - 向高层缓冲区添加经验：环境ID=26, step=32, total_steps=32, 当前缓冲区大小: 123, 此环境累积奖励: 1.1057, 成功添加：True, 原因：技能周期结束
2025-05-23 19:51:07,187 - [MainProcess] - HMASD-Main - INFO - 环境 26 存储了 1 个高层经验，原因: 技能周期结束，当前高层缓冲区大小: 123, 累积总数: 123
2025-05-23 19:51:07,187 - [MainProcess] - HMASD - INFO - 环境ID=27技能周期结束检查: 累积奖励=0.9242, 需达到=0.0000, 是否存储=True, 离上次贡献=32步
2025-05-23 19:51:07,187 - [MainProcess] - HMASD - INFO - 向高层缓冲区添加经验：环境ID=27, step=32, total_steps=32, 当前缓冲区大小: 124, 此环境累积奖励: 0.9242, 成功添加：True, 原因：技能周期结束
2025-05-23 19:51:07,187 - [MainProcess] - HMASD-Main - INFO - 环境 27 存储了 1 个高层经验，原因: 技能周期结束，当前高层缓冲区大小: 124, 累积总数: 124
2025-05-23 19:51:07,202 - [MainProcess] - HMASD - INFO - 环境ID=28技能周期结束检查: 累积奖励=1.1166, 需达到=0.0000, 是否存储=True, 离上次贡献=32步
2025-05-23 19:51:07,202 - [MainProcess] - HMASD - INFO - 向高层缓冲区添加经验：环境ID=28, step=32, total_steps=32, 当前缓冲区大小: 125, 此环境累积奖励: 1.1166, 成功添加：True, 原因：技能周期结束
2025-05-23 19:51:07,203 - [MainProcess] - HMASD-Main - INFO - 环境 28 存储了 1 个高层经验，原因: 技能周期结束，当前高层缓冲区大小: 125, 累积总数: 125
2025-05-23 19:51:07,206 - [MainProcess] - HMASD - INFO - 环境ID=29技能周期结束检查: 累积奖励=1.0645, 需达到=0.0000, 是否存储=True, 离上次贡献=32步
2025-05-23 19:51:07,206 - [MainProcess] - HMASD - INFO - 向高层缓冲区添加经验：环境ID=29, step=32, total_steps=32, 当前缓冲区大小: 126, 此环境累积奖励: 1.0645, 成功添加：True, 原因：技能周期结束
2025-05-23 19:51:07,206 - [MainProcess] - HMASD-Main - INFO - 环境 29 存储了 1 个高层经验，原因: 技能周期结束，当前高层缓冲区大小: 126, 累积总数: 126
2025-05-23 19:51:07,206 - [MainProcess] - HMASD - INFO - 环境ID=30技能周期结束检查: 累积奖励=1.0186, 需达到=0.0000, 是否存储=True, 离上次贡献=32步
2025-05-23 19:51:07,206 - [MainProcess] - HMASD - INFO - 向高层缓冲区添加经验：环境ID=30, step=32, total_steps=32, 当前缓冲区大小: 127, 此环境累积奖励: 1.0186, 成功添加：True, 原因：技能周期结束
2025-05-23 19:51:07,206 - [MainProcess] - HMASD-Main - INFO - 环境 30 存储了 1 个高层经验，原因: 技能周期结束，当前高层缓冲区大小: 127, 累积总数: 127
2025-05-23 19:51:07,216 - [MainProcess] - HMASD - INFO - 环境ID=31技能周期结束检查: 累积奖励=0.9270, 需达到=0.0000, 是否存储=True, 离上次贡献=32步
2025-05-23 19:51:07,216 - [MainProcess] - HMASD - INFO - 向高层缓冲区添加经验：环境ID=31, step=32, total_steps=32, 当前缓冲区大小: 128, 此环境累积奖励: 0.9270, 成功添加：True, 原因：技能周期结束
2025-05-23 19:51:07,216 - [MainProcess] - HMASD-Main - INFO - 环境 31 存储了 1 个高层经验，原因: 技能周期结束，当前高层缓冲区大小: 128, 累积总数: 128
2025-05-23 19:51:13,146 - [MainProcess] - HMASD - INFO - 环境ID=0技能周期结束检查: 累积奖励=0.9268, 需达到=0.0000, 是否存储=True, 离上次贡献=0步
2025-05-23 19:51:13,146 - [MainProcess] - HMASD - INFO - 向高层缓冲区添加经验：环境ID=0, step=32, total_steps=32, 当前缓冲区大小: 129, 此环境累积奖励: 0.9268, 成功添加：True, 原因：技能周期结束
2025-05-23 19:51:13,146 - [MainProcess] - HMASD-Main - INFO - 环境 0 存储了 1 个高层经验，原因: 技能周期结束，当前高层缓冲区大小: 129, 累积总数: 129
2025-05-23 19:51:13,154 - [MainProcess] - HMASD - INFO - 环境ID=1技能周期结束检查: 累积奖励=0.9905, 需达到=0.0000, 是否存储=True, 离上次贡献=0步
2025-05-23 19:51:13,154 - [MainProcess] - HMASD - INFO - 高层经验统计 - 总样本: 130, 环境贡献: {0: 5, 1: 5, 2: 4, 3: 4, 4: 4, 5: 4, 6: 4, 7: 4, 8: 4, 9: 4, 10: 4, 11: 4, 12: 4, 13: 4, 14: 4, 15: 4, 16: 4, 17: 4, 18: 4, 19: 4, 20: 4, 21: 4, 22: 4, 23: 4, 24: 4, 25: 4, 26: 4, 27: 4, 28: 4, 29: 4, 30: 4, 31: 4}, 原因统计: {'技能周期结束': 130, '环境终止': 0}
2025-05-23 19:51:13,158 - [MainProcess] - HMASD - INFO - 向高层缓冲区添加经验：环境ID=1, step=32, total_steps=32, 当前缓冲区大小: 130, 此环境累积奖励: 0.9905, 成功添加：True, 原因：技能周期结束
2025-05-23 19:51:13,159 - [MainProcess] - HMASD-Main - INFO - 环境 1 存储了 1 个高层经验，原因: 技能周期结束，当前高层缓冲区大小: 130, 累积总数: 130
2025-05-23 19:51:13,164 - [MainProcess] - HMASD - INFO - 环境ID=2技能周期结束检查: 累积奖励=0.9379, 需达到=0.0000, 是否存储=True, 离上次贡献=0步
2025-05-23 19:51:13,165 - [MainProcess] - HMASD - INFO - 向高层缓冲区添加经验：环境ID=2, step=32, total_steps=32, 当前缓冲区大小: 131, 此环境累积奖励: 0.9379, 成功添加：True, 原因：技能周期结束
2025-05-23 19:51:13,165 - [MainProcess] - HMASD-Main - INFO - 环境 2 存储了 1 个高层经验，原因: 技能周期结束，当前高层缓冲区大小: 131, 累积总数: 131
2025-05-23 19:51:13,169 - [MainProcess] - HMASD - INFO - 环境ID=3技能周期结束检查: 累积奖励=0.7764, 需达到=0.0000, 是否存储=True, 离上次贡献=0步
2025-05-23 19:51:13,169 - [MainProcess] - HMASD - INFO - 向高层缓冲区添加经验：环境ID=3, step=32, total_steps=32, 当前缓冲区大小: 132, 此环境累积奖励: 0.7764, 成功添加：True, 原因：技能周期结束
2025-05-23 19:51:13,170 - [MainProcess] - HMASD-Main - INFO - 环境 3 存储了 1 个高层经验，原因: 技能周期结束，当前高层缓冲区大小: 132, 累积总数: 132
2025-05-23 19:51:13,174 - [MainProcess] - HMASD - INFO - 环境ID=4技能周期结束检查: 累积奖励=1.0882, 需达到=0.0000, 是否存储=True, 离上次贡献=0步
2025-05-23 19:51:13,174 - [MainProcess] - HMASD - INFO - 向高层缓冲区添加经验：环境ID=4, step=32, total_steps=32, 当前缓冲区大小: 133, 此环境累积奖励: 1.0882, 成功添加：True, 原因：技能周期结束
2025-05-23 19:51:13,174 - [MainProcess] - HMASD-Main - INFO - 环境 4 存储了 1 个高层经验，原因: 技能周期结束，当前高层缓冲区大小: 133, 累积总数: 133
2025-05-23 19:51:13,179 - [MainProcess] - HMASD - INFO - 环境ID=5技能周期结束检查: 累积奖励=0.9626, 需达到=0.0000, 是否存储=True, 离上次贡献=0步
2025-05-23 19:51:13,179 - [MainProcess] - HMASD - INFO - 向高层缓冲区添加经验：环境ID=5, step=32, total_steps=32, 当前缓冲区大小: 134, 此环境累积奖励: 0.9626, 成功添加：True, 原因：技能周期结束
2025-05-23 19:51:13,179 - [MainProcess] - HMASD-Main - INFO - 环境 5 存储了 1 个高层经验，原因: 技能周期结束，当前高层缓冲区大小: 134, 累积总数: 134
2025-05-23 19:51:13,185 - [MainProcess] - HMASD - INFO - 环境ID=6技能周期结束检查: 累积奖励=0.9557, 需达到=0.0000, 是否存储=True, 离上次贡献=0步
2025-05-23 19:51:13,185 - [MainProcess] - HMASD - INFO - 向高层缓冲区添加经验：环境ID=6, step=32, total_steps=32, 当前缓冲区大小: 135, 此环境累积奖励: 0.9557, 成功添加：True, 原因：技能周期结束
2025-05-23 19:51:13,185 - [MainProcess] - HMASD-Main - INFO - 环境 6 存储了 1 个高层经验，原因: 技能周期结束，当前高层缓冲区大小: 135, 累积总数: 135
2025-05-23 19:51:13,190 - [MainProcess] - HMASD - INFO - 环境ID=7技能周期结束检查: 累积奖励=0.8800, 需达到=0.0000, 是否存储=True, 离上次贡献=0步
2025-05-23 19:51:13,190 - [MainProcess] - HMASD - INFO - 向高层缓冲区添加经验：环境ID=7, step=32, total_steps=32, 当前缓冲区大小: 136, 此环境累积奖励: 0.8800, 成功添加：True, 原因：技能周期结束
2025-05-23 19:51:13,190 - [MainProcess] - HMASD-Main - INFO - 环境 7 存储了 1 个高层经验，原因: 技能周期结束，当前高层缓冲区大小: 136, 累积总数: 136
2025-05-23 19:51:13,195 - [MainProcess] - HMASD - INFO - 环境ID=8技能周期结束检查: 累积奖励=0.8977, 需达到=0.0000, 是否存储=True, 离上次贡献=0步
2025-05-23 19:51:13,196 - [MainProcess] - HMASD - INFO - 向高层缓冲区添加经验：环境ID=8, step=32, total_steps=32, 当前缓冲区大小: 137, 此环境累积奖励: 0.8977, 成功添加：True, 原因：技能周期结束
2025-05-23 19:51:13,196 - [MainProcess] - HMASD-Main - INFO - 环境 8 存储了 1 个高层经验，原因: 技能周期结束，当前高层缓冲区大小: 137, 累积总数: 137
2025-05-23 19:51:13,201 - [MainProcess] - HMASD - INFO - 环境ID=9技能周期结束检查: 累积奖励=0.9484, 需达到=0.0000, 是否存储=True, 离上次贡献=0步
2025-05-23 19:51:13,201 - [MainProcess] - HMASD - INFO - 向高层缓冲区添加经验：环境ID=9, step=32, total_steps=32, 当前缓冲区大小: 138, 此环境累积奖励: 0.9484, 成功添加：True, 原因：技能周期结束
2025-05-23 19:51:13,201 - [MainProcess] - HMASD-Main - INFO - 环境 9 存储了 1 个高层经验，原因: 技能周期结束，当前高层缓冲区大小: 138, 累积总数: 138
2025-05-23 19:51:13,206 - [MainProcess] - HMASD - INFO - 环境ID=10技能周期结束检查: 累积奖励=0.9820, 需达到=0.0000, 是否存储=True, 离上次贡献=0步
2025-05-23 19:51:13,206 - [MainProcess] - HMASD - INFO - 向高层缓冲区添加经验：环境ID=10, step=32, total_steps=32, 当前缓冲区大小: 139, 此环境累积奖励: 0.9820, 成功添加：True, 原因：技能周期结束
2025-05-23 19:51:13,206 - [MainProcess] - HMASD-Main - INFO - 环境 10 存储了 1 个高层经验，原因: 技能周期结束，当前高层缓冲区大小: 139, 累积总数: 139
2025-05-23 19:51:13,212 - [MainProcess] - HMASD - INFO - 环境ID=11技能周期结束检查: 累积奖励=1.0352, 需达到=0.0000, 是否存储=True, 离上次贡献=0步
2025-05-23 19:51:13,212 - [MainProcess] - HMASD - INFO - 高层经验统计 - 总样本: 140, 环境贡献: {0: 5, 1: 5, 2: 5, 3: 5, 4: 5, 5: 5, 6: 5, 7: 5, 8: 5, 9: 5, 10: 5, 11: 5, 12: 4, 13: 4, 14: 4, 15: 4, 16: 4, 17: 4, 18: 4, 19: 4, 20: 4, 21: 4, 22: 4, 23: 4, 24: 4, 25: 4, 26: 4, 27: 4, 28: 4, 29: 4, 30: 4, 31: 4}, 原因统计: {'技能周期结束': 140, '环境终止': 0}
2025-05-23 19:51:13,216 - [MainProcess] - HMASD - INFO - 向高层缓冲区添加经验：环境ID=11, step=32, total_steps=32, 当前缓冲区大小: 140, 此环境累积奖励: 1.0352, 成功添加：True, 原因：技能周期结束
2025-05-23 19:51:13,216 - [MainProcess] - HMASD-Main - INFO - 环境 11 存储了 1 个高层经验，原因: 技能周期结束，当前高层缓冲区大小: 140, 累积总数: 140
2025-05-23 19:51:13,221 - [MainProcess] - HMASD - INFO - 环境ID=12技能周期结束检查: 累积奖励=0.9033, 需达到=0.0000, 是否存储=True, 离上次贡献=0步
2025-05-23 19:51:13,221 - [MainProcess] - HMASD - INFO - 向高层缓冲区添加经验：环境ID=12, step=32, total_steps=32, 当前缓冲区大小: 141, 此环境累积奖励: 0.9033, 成功添加：True, 原因：技能周期结束
2025-05-23 19:51:13,221 - [MainProcess] - HMASD-Main - INFO - 环境 12 存储了 1 个高层经验，原因: 技能周期结束，当前高层缓冲区大小: 141, 累积总数: 141
2025-05-23 19:51:13,226 - [MainProcess] - HMASD - INFO - 环境ID=13技能周期结束检查: 累积奖励=0.8667, 需达到=0.0000, 是否存储=True, 离上次贡献=0步
2025-05-23 19:51:13,226 - [MainProcess] - HMASD - INFO - 向高层缓冲区添加经验：环境ID=13, step=32, total_steps=32, 当前缓冲区大小: 142, 此环境累积奖励: 0.8667, 成功添加：True, 原因：技能周期结束
2025-05-23 19:51:13,226 - [MainProcess] - HMASD-Main - INFO - 环境 13 存储了 1 个高层经验，原因: 技能周期结束，当前高层缓冲区大小: 142, 累积总数: 142
2025-05-23 19:51:13,230 - [MainProcess] - HMASD - INFO - 环境ID=14技能周期结束检查: 累积奖励=0.9441, 需达到=0.0000, 是否存储=True, 离上次贡献=0步
2025-05-23 19:51:13,230 - [MainProcess] - HMASD - INFO - 向高层缓冲区添加经验：环境ID=14, step=32, total_steps=32, 当前缓冲区大小: 143, 此环境累积奖励: 0.9441, 成功添加：True, 原因：技能周期结束
2025-05-23 19:51:13,230 - [MainProcess] - HMASD-Main - INFO - 环境 14 存储了 1 个高层经验，原因: 技能周期结束，当前高层缓冲区大小: 143, 累积总数: 143
2025-05-23 19:51:13,234 - [MainProcess] - HMASD - INFO - 环境ID=15技能周期结束检查: 累积奖励=0.8862, 需达到=0.0000, 是否存储=True, 离上次贡献=0步
2025-05-23 19:51:13,234 - [MainProcess] - HMASD - INFO - 向高层缓冲区添加经验：环境ID=15, step=32, total_steps=32, 当前缓冲区大小: 144, 此环境累积奖励: 0.8862, 成功添加：True, 原因：技能周期结束
2025-05-23 19:51:13,234 - [MainProcess] - HMASD-Main - INFO - 环境 15 存储了 1 个高层经验，原因: 技能周期结束，当前高层缓冲区大小: 144, 累积总数: 144
2025-05-23 19:51:13,239 - [MainProcess] - HMASD - INFO - 环境ID=16技能周期结束检查: 累积奖励=0.9994, 需达到=0.0000, 是否存储=True, 离上次贡献=0步
2025-05-23 19:51:13,239 - [MainProcess] - HMASD - INFO - 向高层缓冲区添加经验：环境ID=16, step=32, total_steps=32, 当前缓冲区大小: 145, 此环境累积奖励: 0.9994, 成功添加：True, 原因：技能周期结束
2025-05-23 19:51:13,239 - [MainProcess] - HMASD-Main - INFO - 环境 16 存储了 1 个高层经验，原因: 技能周期结束，当前高层缓冲区大小: 145, 累积总数: 145
2025-05-23 19:51:13,242 - [MainProcess] - HMASD - INFO - 环境ID=17技能周期结束检查: 累积奖励=1.0411, 需达到=0.0000, 是否存储=True, 离上次贡献=0步
2025-05-23 19:51:13,242 - [MainProcess] - HMASD - INFO - 向高层缓冲区添加经验：环境ID=17, step=32, total_steps=32, 当前缓冲区大小: 146, 此环境累积奖励: 1.0411, 成功添加：True, 原因：技能周期结束
2025-05-23 19:51:13,242 - [MainProcess] - HMASD-Main - INFO - 环境 17 存储了 1 个高层经验，原因: 技能周期结束，当前高层缓冲区大小: 146, 累积总数: 146
2025-05-23 19:51:13,246 - [MainProcess] - HMASD - INFO - 环境ID=18技能周期结束检查: 累积奖励=0.9715, 需达到=0.0000, 是否存储=True, 离上次贡献=0步
2025-05-23 19:51:13,247 - [MainProcess] - HMASD - INFO - 向高层缓冲区添加经验：环境ID=18, step=32, total_steps=32, 当前缓冲区大小: 147, 此环境累积奖励: 0.9715, 成功添加：True, 原因：技能周期结束
2025-05-23 19:51:13,247 - [MainProcess] - HMASD-Main - INFO - 环境 18 存储了 1 个高层经验，原因: 技能周期结束，当前高层缓冲区大小: 147, 累积总数: 147
2025-05-23 19:51:13,251 - [MainProcess] - HMASD - INFO - 环境ID=19技能周期结束检查: 累积奖励=1.1291, 需达到=0.0000, 是否存储=True, 离上次贡献=0步
2025-05-23 19:51:13,251 - [MainProcess] - HMASD - INFO - 向高层缓冲区添加经验：环境ID=19, step=32, total_steps=32, 当前缓冲区大小: 148, 此环境累积奖励: 1.1291, 成功添加：True, 原因：技能周期结束
2025-05-23 19:51:13,251 - [MainProcess] - HMASD-Main - INFO - 环境 19 存储了 1 个高层经验，原因: 技能周期结束，当前高层缓冲区大小: 148, 累积总数: 148
2025-05-23 19:51:13,255 - [MainProcess] - HMASD - INFO - 环境ID=20技能周期结束检查: 累积奖励=0.8604, 需达到=0.0000, 是否存储=True, 离上次贡献=0步
2025-05-23 19:51:13,256 - [MainProcess] - HMASD - INFO - 向高层缓冲区添加经验：环境ID=20, step=32, total_steps=32, 当前缓冲区大小: 149, 此环境累积奖励: 0.8604, 成功添加：True, 原因：技能周期结束
2025-05-23 19:51:13,256 - [MainProcess] - HMASD-Main - INFO - 环境 20 存储了 1 个高层经验，原因: 技能周期结束，当前高层缓冲区大小: 149, 累积总数: 149
2025-05-23 19:51:13,259 - [MainProcess] - HMASD - INFO - 环境ID=21技能周期结束检查: 累积奖励=1.0661, 需达到=0.0000, 是否存储=True, 离上次贡献=0步
2025-05-23 19:51:13,259 - [MainProcess] - HMASD - INFO - 高层经验统计 - 总样本: 150, 环境贡献: {0: 5, 1: 5, 2: 5, 3: 5, 4: 5, 5: 5, 6: 5, 7: 5, 8: 5, 9: 5, 10: 5, 11: 5, 12: 5, 13: 5, 14: 5, 15: 5, 16: 5, 17: 5, 18: 5, 19: 5, 20: 5, 21: 5, 22: 4, 23: 4, 24: 4, 25: 4, 26: 4, 27: 4, 28: 4, 29: 4, 30: 4, 31: 4}, 原因统计: {'技能周期结束': 150, '环境终止': 0}
2025-05-23 19:51:13,262 - [MainProcess] - HMASD - INFO - 向高层缓冲区添加经验：环境ID=21, step=32, total_steps=32, 当前缓冲区大小: 150, 此环境累积奖励: 1.0661, 成功添加：True, 原因：技能周期结束
2025-05-23 19:51:13,262 - [MainProcess] - HMASD-Main - INFO - 环境 21 存储了 1 个高层经验，原因: 技能周期结束，当前高层缓冲区大小: 150, 累积总数: 150
2025-05-23 19:51:13,267 - [MainProcess] - HMASD - INFO - 环境ID=22技能周期结束检查: 累积奖励=0.8730, 需达到=0.0000, 是否存储=True, 离上次贡献=0步
2025-05-23 19:51:13,267 - [MainProcess] - HMASD - INFO - 向高层缓冲区添加经验：环境ID=22, step=32, total_steps=32, 当前缓冲区大小: 151, 此环境累积奖励: 0.8730, 成功添加：True, 原因：技能周期结束
2025-05-23 19:51:13,267 - [MainProcess] - HMASD-Main - INFO - 环境 22 存储了 1 个高层经验，原因: 技能周期结束，当前高层缓冲区大小: 151, 累积总数: 151
2025-05-23 19:51:13,272 - [MainProcess] - HMASD - INFO - 环境ID=23技能周期结束检查: 累积奖励=0.9136, 需达到=0.0000, 是否存储=True, 离上次贡献=0步
2025-05-23 19:51:13,272 - [MainProcess] - HMASD - INFO - 向高层缓冲区添加经验：环境ID=23, step=32, total_steps=32, 当前缓冲区大小: 152, 此环境累积奖励: 0.9136, 成功添加：True, 原因：技能周期结束
2025-05-23 19:51:13,272 - [MainProcess] - HMASD-Main - INFO - 环境 23 存储了 1 个高层经验，原因: 技能周期结束，当前高层缓冲区大小: 152, 累积总数: 152
2025-05-23 19:51:13,276 - [MainProcess] - HMASD - INFO - 环境ID=24技能周期结束检查: 累积奖励=1.0654, 需达到=0.0000, 是否存储=True, 离上次贡献=0步
2025-05-23 19:51:13,276 - [MainProcess] - HMASD - INFO - 向高层缓冲区添加经验：环境ID=24, step=32, total_steps=32, 当前缓冲区大小: 153, 此环境累积奖励: 1.0654, 成功添加：True, 原因：技能周期结束
2025-05-23 19:51:13,276 - [MainProcess] - HMASD-Main - INFO - 环境 24 存储了 1 个高层经验，原因: 技能周期结束，当前高层缓冲区大小: 153, 累积总数: 153
2025-05-23 19:51:13,280 - [MainProcess] - HMASD - INFO - 环境ID=25技能周期结束检查: 累积奖励=0.7716, 需达到=0.0000, 是否存储=True, 离上次贡献=0步
2025-05-23 19:51:13,280 - [MainProcess] - HMASD - INFO - 向高层缓冲区添加经验：环境ID=25, step=32, total_steps=32, 当前缓冲区大小: 154, 此环境累积奖励: 0.7716, 成功添加：True, 原因：技能周期结束
2025-05-23 19:51:13,280 - [MainProcess] - HMASD-Main - INFO - 环境 25 存储了 1 个高层经验，原因: 技能周期结束，当前高层缓冲区大小: 154, 累积总数: 154
2025-05-23 19:51:13,284 - [MainProcess] - HMASD - INFO - 环境ID=26技能周期结束检查: 累积奖励=1.1298, 需达到=0.0000, 是否存储=True, 离上次贡献=0步
2025-05-23 19:51:13,284 - [MainProcess] - HMASD - INFO - 向高层缓冲区添加经验：环境ID=26, step=32, total_steps=32, 当前缓冲区大小: 155, 此环境累积奖励: 1.1298, 成功添加：True, 原因：技能周期结束
2025-05-23 19:51:13,284 - [MainProcess] - HMASD-Main - INFO - 环境 26 存储了 1 个高层经验，原因: 技能周期结束，当前高层缓冲区大小: 155, 累积总数: 155
2025-05-23 19:51:13,288 - [MainProcess] - HMASD - INFO - 环境ID=27技能周期结束检查: 累积奖励=0.8931, 需达到=0.0000, 是否存储=True, 离上次贡献=0步
2025-05-23 19:51:13,288 - [MainProcess] - HMASD - INFO - 向高层缓冲区添加经验：环境ID=27, step=32, total_steps=32, 当前缓冲区大小: 156, 此环境累积奖励: 0.8931, 成功添加：True, 原因：技能周期结束
2025-05-23 19:51:13,288 - [MainProcess] - HMASD-Main - INFO - 环境 27 存储了 1 个高层经验，原因: 技能周期结束，当前高层缓冲区大小: 156, 累积总数: 156
2025-05-23 19:51:13,292 - [MainProcess] - HMASD - INFO - 环境ID=28技能周期结束检查: 累积奖励=1.0766, 需达到=0.0000, 是否存储=True, 离上次贡献=0步
2025-05-23 19:51:13,292 - [MainProcess] - HMASD - INFO - 向高层缓冲区添加经验：环境ID=28, step=32, total_steps=32, 当前缓冲区大小: 157, 此环境累积奖励: 1.0766, 成功添加：True, 原因：技能周期结束
2025-05-23 19:51:13,293 - [MainProcess] - HMASD-Main - INFO - 环境 28 存储了 1 个高层经验，原因: 技能周期结束，当前高层缓冲区大小: 157, 累积总数: 157
2025-05-23 19:51:13,298 - [MainProcess] - HMASD - INFO - 环境ID=29技能周期结束检查: 累积奖励=1.0331, 需达到=0.0000, 是否存储=True, 离上次贡献=0步
2025-05-23 19:51:13,298 - [MainProcess] - HMASD - INFO - 向高层缓冲区添加经验：环境ID=29, step=32, total_steps=32, 当前缓冲区大小: 158, 此环境累积奖励: 1.0331, 成功添加：True, 原因：技能周期结束
2025-05-23 19:51:13,298 - [MainProcess] - HMASD-Main - INFO - 环境 29 存储了 1 个高层经验，原因: 技能周期结束，当前高层缓冲区大小: 158, 累积总数: 158
2025-05-23 19:51:13,303 - [MainProcess] - HMASD - INFO - 环境ID=30技能周期结束检查: 累积奖励=1.0338, 需达到=0.0000, 是否存储=True, 离上次贡献=0步
2025-05-23 19:51:13,303 - [MainProcess] - HMASD - INFO - 向高层缓冲区添加经验：环境ID=30, step=32, total_steps=32, 当前缓冲区大小: 159, 此环境累积奖励: 1.0338, 成功添加：True, 原因：技能周期结束
2025-05-23 19:51:13,303 - [MainProcess] - HMASD-Main - INFO - 环境 30 存储了 1 个高层经验，原因: 技能周期结束，当前高层缓冲区大小: 159, 累积总数: 159
2025-05-23 19:51:13,303 - [MainProcess] - HMASD - INFO - 环境ID=31技能周期结束检查: 累积奖励=0.9074, 需达到=0.0000, 是否存储=True, 离上次贡献=0步
2025-05-23 19:51:13,303 - [MainProcess] - HMASD - INFO - 高层经验统计 - 总样本: 160, 环境贡献: {0: 5, 1: 5, 2: 5, 3: 5, 4: 5, 5: 5, 6: 5, 7: 5, 8: 5, 9: 5, 10: 5, 11: 5, 12: 5, 13: 5, 14: 5, 15: 5, 16: 5, 17: 5, 18: 5, 19: 5, 20: 5, 21: 5, 22: 5, 23: 5, 24: 5, 25: 5, 26: 5, 27: 5, 28: 5, 29: 5, 30: 5, 31: 5}, 原因统计: {'技能周期结束': 160, '环境终止': 0}
2025-05-23 19:51:13,303 - [MainProcess] - HMASD - INFO - 向高层缓冲区添加经验：环境ID=31, step=32, total_steps=32, 当前缓冲区大小: 160, 此环境累积奖励: 0.9074, 成功添加：True, 原因：技能周期结束
2025-05-23 19:51:13,303 - [MainProcess] - HMASD-Main - INFO - 环境 31 存储了 1 个高层经验，原因: 技能周期结束，当前高层缓冲区大小: 160, 累积总数: 160
